------------------------------EXP1------------------------------
Epoch: 0, train correlation: -0.07456010083910004, best: 0
Epoch: 0, test correlation: 0.13830195943722315, best: 0
-----New best found!-----
------------------------------EXP1------------------------------
Epoch: 0, train correlation: -0.07456010083910004, best: 0
Epoch: 0, test correlation: 0.13830195943722315, best: 0
-----New best found!-----
Epoch: 1, train correlation: 0.09394191684770281, best: 0.13830195943722315
Epoch: 1, test correlation: 0.37999423785650926, best: 0.13830195943722315
-----New best found!-----
Epoch: 2, train correlation: 0.09314237287242436, best: 0.37999423785650926
Epoch: 2, test correlation: 0.4540434119718559, best: 0.37999423785650926
-----New best found!-----
Epoch: 3, train correlation: 0.1454247484266082, best: 0.4540434119718559
Epoch: 3, test correlation: 0.4793507496883199, best: 0.4540434119718559
-----New best found!-----
Epoch: 4, train correlation: 0.26840751253397943, best: 0.4793507496883199
Epoch: 4, test correlation: 0.504754130432171, best: 0.4793507496883199
-----New best found!-----
Epoch: 5, train correlation: 0.39721284688533426, best: 0.504754130432171
Epoch: 5, test correlation: 0.4992316563574208, best: 0.504754130432171
Epoch: 6, train correlation: 0.390995004901227, best: 0.504754130432171
Epoch: 6, test correlation: 0.5334229741071788, best: 0.504754130432171
-----New best found!-----
Epoch: 7, train correlation: 0.30174309600607224, best: 0.5334229741071788
Epoch: 7, test correlation: 0.5754417985889739, best: 0.5334229741071788
-----New best found!-----
Epoch: 8, train correlation: 0.4822352731570415, best: 0.5754417985889739
Epoch: 8, test correlation: 0.6194775266458954, best: 0.5754417985889739
-----New best found!-----
Epoch: 9, train correlation: 0.35848896705451694, best: 0.6194775266458954
Epoch: 9, test correlation: 0.6244717640700173, best: 0.6194775266458954
-----New best found!-----
Epoch: 10, train correlation: 0.447094340389925, best: 0.6244717640700173
Epoch: 10, test correlation: 0.5786592400064372, best: 0.6244717640700173
Epoch: 11, train correlation: 0.5092870110147976, best: 0.6244717640700173
Epoch: 11, test correlation: 0.6075681912499122, best: 0.6244717640700173
Epoch: 12, train correlation: 0.5447842133769021, best: 0.6244717640700173
Epoch: 12, test correlation: 0.6800326554133741, best: 0.6244717640700173
-----New best found!-----
Epoch: 13, train correlation: 0.5325487904231334, best: 0.6800326554133741
Epoch: 13, test correlation: 0.6850268928374958, best: 0.6800326554133741
-----New best found!-----
Epoch: 14, train correlation: 0.6923870816010794, best: 0.6850268928374958
Epoch: 14, test correlation: 0.7042354983148881, best: 0.6850268928374958
-----New best found!-----
Epoch: 15, train correlation: 0.7314229785929812, best: 0.7042354983148881
Epoch: 15, test correlation: 0.7387629666605002, best: 0.7042354983148881
-----New best found!-----
Epoch: 16, train correlation: 0.7279817893260229, best: 0.7387629666605002
Epoch: 16, test correlation: 0.762725701993547, best: 0.7387629666605002
-----New best found!-----
Epoch: 17, train correlation: 0.6627672024943988, best: 0.762725701993547
Epoch: 17, test correlation: 0.7387149451468068, best: 0.762725701993547
Epoch: 18, train correlation: 0.6542174822559381, best: 0.762725701993547
Epoch: 18, test correlation: 0.7432769889476875, best: 0.762725701993547
Epoch: 19, train correlation: 0.7778235306442254, best: 0.762725701993547
Epoch: 19, test correlation: 0.7459661937145224, best: 0.762725701993547
Epoch: 20, train correlation: 0.748536669853702, best: 0.762725701993547
Epoch: 20, test correlation: 0.7866884373265935, best: 0.762725701993547
-----New best found!-----
Epoch: 21, train correlation: 0.7778775336144129, best: 0.7866884373265935
Epoch: 21, test correlation: 0.8203034969120298, best: 0.7866884373265935
-----New best found!-----
Epoch: 22, train correlation: 0.8196278298994973, best: 0.8203034969120298
Epoch: 22, test correlation: 0.8137725710497166, best: 0.8203034969120298
Epoch: 23, train correlation: 0.813388986760317, best: 0.8203034969120298
Epoch: 23, test correlation: 0.7610449490142752, best: 0.8203034969120298
Epoch: 24, train correlation: 0.636584012407161, best: 0.8203034969120298
Epoch: 24, test correlation: 0.8250096052539909, best: 0.8203034969120298
-----New best found!-----
Epoch: 25, train correlation: 0.6945614511923854, best: 0.8250096052539909
Epoch: 25, test correlation: 0.8058970428039856, best: 0.8250096052539909
Epoch: 26, train correlation: 0.7031921758861277, best: 0.8250096052539909
Epoch: 26, test correlation: 0.8145889367825055, best: 0.8250096052539909
Epoch: 27, train correlation: 0.807279150716585, best: 0.8250096052539909
Epoch: 27, test correlation: 0.8414329629371611, best: 0.8250096052539909
-----New best found!-----
Epoch: 28, train correlation: 0.807229647993913, best: 0.8414329629371611
Epoch: 28, test correlation: 0.8249615837402974, best: 0.8414329629371611
Epoch: 29, train correlation: 0.6562065916578504, best: 0.8414329629371611
Epoch: 29, test correlation: 0.8274106809386649, best: 0.8414329629371611
Epoch: 30, train correlation: 0.7628504571184431, best: 0.8414329629371611
Epoch: 30, test correlation: 0.8093065702762228, best: 0.8414329629371611
Epoch: 31, train correlation: 0.7616968936719345, best: 0.8414329629371611
Epoch: 31, test correlation: 0.808922398166675, best: 0.8414329629371611
Epoch: 32, train correlation: 0.6091685045418909, best: 0.8414329629371611
Epoch: 32, test correlation: 0.8179504427410493, best: 0.8414329629371611
Epoch: 33, train correlation: 0.7453429942001039, best: 0.8414329629371611
Epoch: 33, test correlation: 0.7025547453356162, best: 0.8414329629371611
Epoch: 34, train correlation: 0.7521863705888848, best: 0.8414329629371611
Epoch: 34, test correlation: 0.7669996167122666, best: 0.8414329629371611
Epoch: 35, train correlation: 0.7919948100709712, best: 0.8414329629371611
Epoch: 35, test correlation: 0.8033519025782313, best: 0.8414329629371611
Epoch: 36, train correlation: 0.8315804873010334, best: 0.8414329629371611
Epoch: 36, test correlation: 0.8045044189068747, best: 0.8414329629371611
Epoch: 37, train correlation: 0.85111306160141, best: 0.8414329629371611
Epoch: 37, test correlation: 0.7875048030593828, best: 0.8414329629371611
Epoch: 38, train correlation: 0.8455597561671121, best: 0.8414329629371611
Epoch: 38, test correlation: 0.8028716874412964, best: 0.8414329629371611
Epoch: 39, train correlation: 0.8438729133900001, best: 0.8414329629371611
Epoch: 39, test correlation: 0.8017191711126528, best: 0.8414329629371611
Epoch: 40, train correlation: 0.7979838894730337, best: 0.8414329629371611
Epoch: 40, test correlation: 0.8110833662828815, best: 0.8414329629371611
Epoch: 41, train correlation: 0.8404242237105158, best: 0.8414329629371611
Epoch: 41, test correlation: 0.8043603543657944, best: 0.8414329629371611
Epoch: 42, train correlation: 0.836835276316794, best: 0.8414329629371611
Epoch: 42, test correlation: 0.8164137543028579, best: 0.8414329629371611
Epoch: 43, train correlation: 0.8454314991129164, best: 0.8414329629371611
Epoch: 43, test correlation: 0.8102670005500925, best: 0.8414329629371611
Epoch: 44, train correlation: 0.8433958871533425, best: 0.8414329629371611
Epoch: 44, test correlation: 0.8112274308239621, best: 0.8414329629371611
Epoch: 45, train correlation: 0.7151523337001898, best: 0.8414329629371611
Epoch: 45, test correlation: 0.828419132726228, best: 0.8414329629371611
Epoch: 46, train correlation: 0.8493429642452589, best: 0.8414329629371611
Epoch: 46, test correlation: 0.7906262014494592, best: 0.8414329629371611
Epoch: 47, train correlation: 0.8832283279555122, best: 0.8414329629371611
Epoch: 47, test correlation: 0.7831348453132762, best: 0.8414329629371611
Epoch: 48, train correlation: 0.851065809002496, best: 0.8414329629371611
Epoch: 48, test correlation: 0.8080099894064988, best: 0.8414329629371611
Epoch: 49, train correlation: 0.853628699962652, best: 0.8414329629371611
Epoch: 49, test correlation: 0.7885612763606393, best: 0.8414329629371611
Epoch: 50, train correlation: 0.7573346537467754, best: 0.8414329629371611
Epoch: 50, test correlation: 0.7722819832185495, best: 0.8414329629371611
Epoch: 51, train correlation: 0.8435293944963065, best: 0.8414329629371611
Epoch: 51, test correlation: 0.7644064549728188, best: 0.8414329629371611
Epoch: 52, train correlation: 0.8074524102459372, best: 0.8414329629371611
Epoch: 52, test correlation: 0.7976853639624006, best: 0.8414329629371611
Epoch: 53, train correlation: 0.8982201525126096, best: 0.8414329629371611
Epoch: 53, test correlation: 0.7769880915605106, best: 0.8414329629371611
Epoch: 54, train correlation: 0.8717271953880452, best: 0.8414329629371611
Epoch: 54, test correlation: 0.780925855683376, best: 0.8414329629371611
Epoch: 55, train correlation: 0.878104046117705, best: 0.8414329629371611
Epoch: 55, test correlation: 0.7935555137847614, best: 0.8414329629371611
Epoch: 56, train correlation: 0.8991502036658414, best: 0.8414329629371611
Epoch: 56, test correlation: 0.8379754139512305, best: 0.8414329629371611
Epoch: 57, train correlation: 0.8932721303691649, best: 0.8414329629371611
Epoch: 57, test correlation: 0.831732617171078, best: 0.8414329629371611
Epoch: 58, train correlation: 0.8834698412388516, best: 0.8414329629371611
Epoch: 58, test correlation: 0.8450345764641721, best: 0.8414329629371611
-----New best found!-----
Epoch: 59, train correlation: 0.8954149982278615, best: 0.8450345764641721
Epoch: 59, test correlation: 0.7572992709461838, best: 0.8450345764641721
Epoch: 60, train correlation: 0.711115611678662, best: 0.8450345764641721
Epoch: 60, test correlation: 0.7825585871489543, best: 0.8450345764641721
Epoch: 61, train correlation: 0.8198580925640475, best: 0.8450345764641721
Epoch: 61, test correlation: 0.7792931242177977, best: 0.8450345764641721
Epoch: 62, train correlation: 0.8315579860634552, best: 0.8450345764641721
Epoch: 62, test correlation: 0.828227046671454, best: 0.8450345764641721
Epoch: 63, train correlation: 0.8566731174069816, best: 0.8450345764641721
Epoch: 63, test correlation: 0.8081060324338857, best: 0.8450345764641721
Epoch: 64, train correlation: 0.9129052101973909, best: 0.8450345764641721
Epoch: 64, test correlation: 0.8121398395841382, best: 0.8450345764641721
Epoch: 65, train correlation: 0.8975631163753263, best: 0.8450345764641721
Epoch: 65, test correlation: 0.790722244476846, best: 0.8450345764641721
Epoch: 66, train correlation: 0.8989439423213748, best: 0.8450345764641721
Epoch: 66, test correlation: 0.7878889751689306, best: 0.8450345764641721
Epoch: 67, train correlation: 0.9143827914650254, best: 0.8450345764641721
Epoch: 67, test correlation: 0.7924990404835047, best: 0.8450345764641721
Epoch: 68, train correlation: 0.9063821014234726, best: 0.8450345764641721
Epoch: 68, test correlation: 0.7846715337514675, best: 0.8450345764641721
Epoch: 69, train correlation: 0.8647938140489514, best: 0.8450345764641721
Epoch: 69, test correlation: 0.7442374192215572, best: 0.8450345764641721
Epoch: 70, train correlation: 0.8834060877323799, best: 0.8450345764641721
Epoch: 70, test correlation: 0.7970610842843853, best: 0.8450345764641721
Epoch: 71, train correlation: 0.925664161945479, best: 0.8450345764641721
Epoch: 71, test correlation: 0.8162216682480841, best: 0.8450345764641721
Epoch: 72, train correlation: 0.9289770941582415, best: 0.8450345764641721
Epoch: 72, test correlation: 0.7954283528188071, best: 0.8450345764641721
Epoch: 73, train correlation: 0.8119226561114715, best: 0.8450345764641721
Epoch: 73, test correlation: 0.7492796781593725, best: 0.8450345764641721
Epoch: 74, train correlation: 0.8755359048687806, best: 0.8450345764641721
Epoch: 74, test correlation: 0.7742508652799822, best: 0.8450345764641721
Epoch: 75, train correlation: 0.9185357698807073, best: 0.8450345764641721
Epoch: 75, test correlation: 0.771225509917293, best: 0.8450345764641721
Epoch: 76, train correlation: 0.8485666715488113, best: 0.8450345764641721
Epoch: 76, test correlation: 0.6879562051727982, best: 0.8450345764641721
Epoch: 77, train correlation: 0.8310517082179458, best: 0.8450345764641721
Epoch: 77, test correlation: 0.7240683834702953, best: 0.8450345764641721
Epoch: 78, train correlation: 0.9191973062655061, best: 0.8450345764641721
Epoch: 78, test correlation: 0.7365539770306002, best: 0.8450345764641721
Epoch: 79, train correlation: 0.9035244442510422, best: 0.8450345764641721
Epoch: 79, test correlation: 0.7160007691697906, best: 0.8450345764641721
Epoch: 80, train correlation: 0.9362719953810915, best: 0.8450345764641721
Epoch: 80, test correlation: 0.7334806001542173, best: 0.8450345764641721
Epoch: 81, train correlation: 0.9337301055760083, best: 0.8450345764641721
Epoch: 81, test correlation: 0.7375624288181633, best: 0.8450345764641721
Epoch: 82, train correlation: 0.9330453179123788, best: 0.8450345764641721
Epoch: 82, test correlation: 0.7188340384777061, best: 0.8450345764641721
Epoch: 83, train correlation: 0.942360080228498, best: 0.8450345764641721
Epoch: 83, test correlation: 0.7414041499136417, best: 0.8450345764641721
Epoch: 84, train correlation: 0.9492814609075502, best: 0.8450345764641721
Epoch: 84, test correlation: 0.7347771810239415, best: 0.8450345764641721
Epoch: 85, train correlation: 0.9451577341007199, best: 0.8450345764641721
Epoch: 85, test correlation: 0.7306953523599957, best: 0.8450345764641721
Epoch: 86, train correlation: 0.9393096624541477, best: 0.8450345764641721
Epoch: 86, test correlation: 0.7228678456279584, best: 0.8450345764641721
Epoch: 87, train correlation: 0.9442629348863605, best: 0.8450345764641721
Epoch: 87, test correlation: 0.7350172885924088, best: 0.8450345764641721
Epoch: 88, train correlation: 0.9425880927692902, best: 0.8450345764641721
Epoch: 88, test correlation: 0.7346811379965544, best: 0.8450345764641721
Epoch: 89, train correlation: 0.9446499561727054, best: 0.8450345764641721
Epoch: 89, test correlation: 0.7268056097508238, best: 0.8450345764641721
Epoch: 90, train correlation: 0.9505580311194862, best: 0.8450345764641721
Epoch: 90, test correlation: 0.7408278917493201, best: 0.8450345764641721
Epoch: 91, train correlation: 0.9493887168066728, best: 0.8450345764641721
Epoch: 91, test correlation: 0.744333462248944, best: 0.8450345764641721
Epoch: 92, train correlation: 0.9469945851283531, best: 0.8450345764641721
Epoch: 92, test correlation: 0.7513926247618856, best: 0.8450345764641721
Epoch: 93, train correlation: 0.9506030335946427, best: 0.8450345764641721
Epoch: 93, test correlation: 0.7422685371601243, best: 0.8450345764641721
Epoch: 94, train correlation: 0.9511805653591495, best: 0.8450345764641721
Epoch: 94, test correlation: 0.7459181722008289, best: 0.8450345764641721
Epoch: 95, train correlation: 0.9529409121790169, best: 0.8450345764641721
Epoch: 95, test correlation: 0.7522570120083683, best: 0.8450345764641721
Epoch: 96, train correlation: 0.9539017150236057, best: 0.8450345764641721
Epoch: 96, test correlation: 0.7450537849543462, best: 0.8450345764641721
Epoch: 97, train correlation: 0.9458935245695268, best: 0.8450345764641721
Epoch: 97, test correlation: 0.7329523635035893, best: 0.8450345764641721
Epoch: 98, train correlation: 0.9563768511572069, best: 0.8450345764641721
Epoch: 98, test correlation: 0.7628697665346273, best: 0.8450345764641721
Epoch: 99, train correlation: 0.9568028745886875, best: 0.8450345764641721
Epoch: 99, test correlation: 0.761333078096436, best: 0.8450345764641721
Epoch: 100, train correlation: 0.9547785132479026, best: 0.8450345764641721
Epoch: 100, test correlation: 0.7463023443103767, best: 0.8450345764641721
Epoch: 101, train correlation: 0.9537764581344205, best: 0.8450345764641721
Epoch: 101, test correlation: 0.7542739155834944, best: 0.8450345764641721
Epoch: 102, train correlation: 0.9581694497509363, best: 0.8450345764641721
Epoch: 102, test correlation: 0.7471187100431659, best: 0.8450345764641721
Epoch: 103, train correlation: 0.9525561410164298, best: 0.8450345764641721
Epoch: 103, test correlation: 0.7658471003836231, best: 0.8450345764641721
Epoch: 104, train correlation: 0.9563085974032197, best: 0.8450345764641721
Epoch: 104, test correlation: 0.7419323865642701, best: 0.8450345764641721
Epoch: 105, train correlation: 0.9582834560213325, best: 0.8450345764641721
Epoch: 105, test correlation: 0.7379946224414046, best: 0.8450345764641721
Epoch: 106, train correlation: 0.9562058417516127, best: 0.8450345764641721
Epoch: 106, test correlation: 0.7434210534887679, best: 0.8450345764641721
Epoch: 107, train correlation: 0.9509578031071255, best: 0.8450345764641721
Epoch: 107, test correlation: 0.7452458710091201, best: 0.8450345764641721
Epoch: 108, train correlation: 0.957783178505844, best: 0.8450345764641721
Epoch: 108, test correlation: 0.7521129474672879, best: 0.8450345764641721
Epoch: 109, train correlation: 0.9557760681138692, best: 0.8450345764641721
Epoch: 109, test correlation: 0.7256530934221802, best: 0.8450345764641721
Epoch: 110, train correlation: 0.9574606607672232, best: 0.8450345764641721
Epoch: 110, test correlation: 0.7352573961608762, best: 0.8450345764641721
Epoch: 111, train correlation: 0.9561150867600472, best: 0.8450345764641721
Epoch: 111, test correlation: 0.7377064933592438, best: 0.8450345764641721
Epoch: 112, train correlation: 0.954326238372581, best: 0.8450345764641721
Epoch: 112, test correlation: 0.7304072232778347, best: 0.8450345764641721
Epoch: 113, train correlation: 0.9556755625860198, best: 0.8450345764641721
Epoch: 113, test correlation: 0.7473588176116333, best: 0.8450345764641721
Epoch: 114, train correlation: 0.9624574355920873, best: 0.8450345764641721
Epoch: 114, test correlation: 0.7331444495583631, best: 0.8450345764641721
Epoch: 115, train correlation: 0.9547590121753348, best: 0.8450345764641721
Epoch: 115, test correlation: 0.7420764511053505, best: 0.8450345764641721
Epoch: 116, train correlation: 0.9556485611009261, best: 0.8450345764641721
Epoch: 116, test correlation: 0.7450537849543462, best: 0.8450345764641721
Epoch: 117, train correlation: 0.9589314916635845, best: 0.8450345764641721
Epoch: 117, test correlation: 0.7409719562904004, best: 0.8450345764641721
Epoch: 118, train correlation: 0.9552952916709484, best: 0.8450345764641721
Epoch: 118, test correlation: 0.737130235194922, best: 0.8450345764641721
Epoch: 119, train correlation: 0.9580584436455506, best: 0.8450345764641721
Epoch: 119, test correlation: 0.7365059555169068, best: 0.8450345764641721
Epoch: 120, train correlation: 0.9568426267750755, best: 0.8450345764641721
Epoch: 120, test correlation: 0.7419323865642701, best: 0.8450345764641721
Epoch: 121, train correlation: 0.9549247712921609, best: 0.8450345764641721
Epoch: 121, test correlation: 0.7388109881741938, best: 0.8450345764641721
Epoch: 122, train correlation: 0.9618506522187287, best: 0.8450345764641721
Epoch: 122, test correlation: 0.7316077611201717, best: 0.8450345764641721
Epoch: 123, train correlation: 0.9596627818848757, best: 0.8450345764641721
Epoch: 123, test correlation: 0.7504802160017094, best: 0.8450345764641721
Epoch: 124, train correlation: 0.9600903053988615, best: 0.8450345764641721
Epoch: 124, test correlation: 0.7311755674969305, best: 0.8450345764641721
Epoch: 125, train correlation: 0.9585639714498073, best: 0.8450345764641721
Epoch: 125, test correlation: 0.7327602774488152, best: 0.8450345764641721
Epoch: 126, train correlation: 0.9599492976433713, best: 0.8450345764641721
Epoch: 126, test correlation: 0.7572512494324902, best: 0.8450345764641721
Epoch: 127, train correlation: 0.9583262083727311, best: 0.8450345764641721
Epoch: 127, test correlation: 0.7502401084332421, best: 0.8450345764641721
Epoch: 128, train correlation: 0.9547470115152932, best: 0.8450345764641721
Epoch: 128, test correlation: 0.7514406462755792, best: 0.8450345764641721
Epoch: 129, train correlation: 0.9615438853464126, best: 0.8450345764641721
Epoch: 129, test correlation: 0.7343930089143936, best: 0.8450345764641721
Epoch: 130, train correlation: 0.9662301430926976, best: 0.8450345764641721
Epoch: 130, test correlation: 0.7654149067603819, best: 0.8450345764641721
Epoch: 131, train correlation: 0.9622099219787272, best: 0.8450345764641721
Epoch: 131, test correlation: 0.7439973116530897, best: 0.8450345764641721
Epoch: 132, train correlation: 0.9626951986691635, best: 0.8450345764641721
Epoch: 132, test correlation: 0.7577314645694251, best: 0.8450345764641721
Epoch: 133, train correlation: 0.9675382150372432, best: 0.8450345764641721
Epoch: 133, test correlation: 0.7442374192215572, best: 0.8450345764641721
Epoch: 134, train correlation: 0.9549907749223903, best: 0.8450345764641721
Epoch: 134, test correlation: 0.7449577419269593, best: 0.8450345764641721
Epoch: 135, train correlation: 0.9534074378381381, best: 0.8450345764641721
Epoch: 135, test correlation: 0.7313196320380109, best: 0.8450345764641721
Epoch: 136, train correlation: 0.9685740220070927, best: 0.8450345764641721
Epoch: 136, test correlation: 0.7682961975819907, best: 0.8450345764641721
Epoch: 137, train correlation: 0.9625151887685379, best: 0.8450345764641721
Epoch: 137, test correlation: 0.7553303888847511, best: 0.8450345764641721
Epoch: 138, train correlation: 0.957699173885552, best: 0.8450345764641721
Epoch: 138, test correlation: 0.7461102582556028, best: 0.8450345764641721
Epoch: 139, train correlation: 0.969238558556902, best: 0.8450345764641721
Epoch: 139, test correlation: 0.7486073769676638, best: 0.8450345764641721
Epoch: 140, train correlation: 0.9606910884421991, best: 0.8450345764641721
Epoch: 140, test correlation: 0.7628217450209338, best: 0.8450345764641721
Epoch: 141, train correlation: 0.9602140622055415, best: 0.8450345764641721
Epoch: 141, test correlation: 0.743325010461381, best: 0.8450345764641721
Epoch: 142, train correlation: 0.9642830360009313, best: 0.8450345764641721
Epoch: 142, test correlation: 0.7460142152282159, best: 0.8450345764641721
Epoch: 143, train correlation: 0.9655791072854353, best: 0.8450345764641721
Epoch: 143, test correlation: 0.7186899739366256, best: 0.8450345764641721
Epoch: 144, train correlation: 0.9644592956952939, best: 0.8450345764641721
Epoch: 144, test correlation: 0.7537456789328661, best: 0.8450345764641721
Epoch: 145, train correlation: 0.9670274369442182, best: 0.8450345764641721
Epoch: 145, test correlation: 0.7382347300098719, best: 0.8450345764641721
Epoch: 146, train correlation: 0.9592345083296374, best: 0.8450345764641721
Epoch: 146, test correlation: 0.7395793323932895, best: 0.8450345764641721
Epoch: 147, train correlation: 0.9586704773076774, best: 0.8450345764641721
Epoch: 147, test correlation: 0.733336535613137, best: 0.8450345764641721
Epoch: 148, train correlation: 0.9578401816410421, best: 0.8450345764641721
Epoch: 148, test correlation: 0.7361217834073589, best: 0.8450345764641721
Epoch: 149, train correlation: 0.9470905904086867, best: 0.8450345764641721
Epoch: 149, test correlation: 0.734729159510248, best: 0.8450345764641721
Epoch: 150, train correlation: 0.9674692112420035, best: 0.8450345764641721
Epoch: 150, test correlation: 0.743228967433994, best: 0.8450345764641721
Epoch: 151, train correlation: 0.9696413307095517, best: 0.8450345764641721
Epoch: 151, test correlation: 0.7386189021194199, best: 0.8450345764641721
Epoch: 152, train correlation: 0.9683077573624175, best: 0.8450345764641721
Epoch: 152, test correlation: 0.7569150988366358, best: 0.8450345764641721
Epoch: 153, train correlation: 0.9600753045738093, best: 0.8450345764641721
Epoch: 153, test correlation: 0.7470706885294724, best: 0.8450345764641721
Epoch: 154, train correlation: 0.9628707083222735, best: 0.8450345764641721
Epoch: 154, test correlation: 0.7368901276264546, best: 0.8450345764641721
Epoch: 155, train correlation: 0.9642425337732906, best: 0.8450345764641721
Epoch: 155, test correlation: 0.7522570120083683, best: 0.8450345764641721
Epoch: 156, train correlation: 0.9635997484198068, best: 0.8450345764641721
Epoch: 156, test correlation: 0.7134076074303427, best: 0.8450345764641721
Epoch: 157, train correlation: 0.9680174913976587, best: 0.8450345764641721
Epoch: 157, test correlation: 0.7323280838255739, best: 0.8450345764641721
Epoch: 158, train correlation: 0.9626366954514602, best: 0.8450345764641721
Epoch: 158, test correlation: 0.7588839808980685, best: 0.8450345764641721
Epoch: 159, train correlation: 0.9659751290668114, best: 0.8450345764641721
Epoch: 159, test correlation: 0.7319919332297197, best: 0.8450345764641721
Epoch: 160, train correlation: 0.9684330142516028, best: 0.8450345764641721
Epoch: 160, test correlation: 0.7533615068233183, best: 0.8450345764641721
Epoch: 161, train correlation: 0.9635262443770515, best: 0.8450345764641721
Epoch: 161, test correlation: 0.7654149067603819, best: 0.8450345764641721
Epoch: 162, train correlation: 0.969907595354227, best: 0.8450345764641721
Epoch: 162, test correlation: 0.7634940462126426, best: 0.8450345764641721
Epoch: 163, train correlation: 0.9673702057966594, best: 0.8450345764641721
Epoch: 163, test correlation: 0.7528812916863835, best: 0.8450345764641721
Epoch: 164, train correlation: 0.9641690297305352, best: 0.8450345764641721
Epoch: 164, test correlation: 0.7676719179039755, best: 0.8450345764641721
Epoch: 165, train correlation: 0.9677212251028793, best: 0.8450345764641721
Epoch: 165, test correlation: 0.7557145609942988, best: 0.8450345764641721
Epoch: 166, train correlation: 0.970267615155478, best: 0.8450345764641721
Epoch: 166, test correlation: 0.75393776498764, best: 0.8450345764641721
Epoch: 167, train correlation: 0.9684982678405795, best: 0.8450345764641721
Epoch: 167, test correlation: 0.7547061092067356, best: 0.8450345764641721
Epoch: 168, train correlation: 0.9679252363235882, best: 0.8450345764641721
Epoch: 168, test correlation: 0.722627738059491, best: 0.8450345764641721
Epoch: 169, train correlation: 0.9679972402838384, best: 0.8450345764641721
Epoch: 169, test correlation: 0.7477429897211813, best: 0.8450345764641721
Epoch: 170, train correlation: 0.9695715768730593, best: 0.8450345764641721
Epoch: 170, test correlation: 0.7430368813792201, best: 0.8450345764641721
Epoch: 171, train correlation: 0.9672734504750732, best: 0.8450345764641721
Epoch: 171, test correlation: 0.7410679993177873, best: 0.8450345764641721
Epoch: 172, train correlation: 0.9645020480466925, best: 0.8450345764641721
Epoch: 172, test correlation: 0.7450537849543462, best: 0.8450345764641721
Epoch: 173, train correlation: 0.9694005674674651, best: 0.8450345764641721
Epoch: 173, test correlation: 0.7200345763200431, best: 0.8450345764641721
Epoch: 174, train correlation: 0.9738625530662504, best: 0.8450345764641721
Epoch: 174, test correlation: 0.7360257403799719, best: 0.8450345764641721
Epoch: 175, train correlation: 0.9680864951928986, best: 0.8450345764641721
Epoch: 175, test correlation: 0.7274779109425324, best: 0.8450345764641721
Epoch: 176, train correlation: 0.9682125021233364, best: 0.8450345764641721
Epoch: 176, test correlation: 0.7487514415087441, best: 0.8450345764641721
Epoch: 177, train correlation: 0.9689655435409533, best: 0.8450345764641721
Epoch: 177, test correlation: 0.7616692286922904, best: 0.8450345764641721
Epoch: 178, train correlation: 0.9655138536964585, best: 0.8450345764641721
Epoch: 178, test correlation: 0.7517287753577399, best: 0.8450345764641721
Epoch: 179, train correlation: 0.9693285635072149, best: 0.8450345764641721
Epoch: 179, test correlation: 0.7632539386441753, best: 0.8450345764641721
Epoch: 180, train correlation: 0.9724997379232347, best: 0.8450345764641721
Epoch: 180, test correlation: 0.7581636581926663, best: 0.8450345764641721
Epoch: 181, train correlation: 0.9665316596762454, best: 0.8450345764641721
Epoch: 181, test correlation: 0.757635421542038, best: 0.8450345764641721
Epoch: 182, train correlation: 0.9687547819489708, best: 0.8450345764641721
Epoch: 182, test correlation: 0.7320879762571065, best: 0.8450345764641721
Epoch: 183, train correlation: 0.9661783902462678, best: 0.8450345764641721
Epoch: 183, test correlation: 0.7443814837626375, best: 0.8450345764641721
Epoch: 184, train correlation: 0.9682582546397455, best: 0.8450345764641721
Epoch: 184, test correlation: 0.7479350757759551, best: 0.8450345764641721
Epoch: 185, train correlation: 0.9652693402481087, best: 0.8450345764641721
Epoch: 185, test correlation: 0.7467345379336181, best: 0.8450345764641721
Epoch: 186, train correlation: 0.9651020810487776, best: 0.8450345764641721
Epoch: 186, test correlation: 0.7549462167752031, best: 0.8450345764641721
Epoch: 187, train correlation: 0.9695483255942284, best: 0.8450345764641721
Epoch: 187, test correlation: 0.7577794860831185, best: 0.8450345764641721
Epoch: 188, train correlation: 0.9675127136346546, best: 0.8450345764641721
Epoch: 188, test correlation: 0.737130235194922, best: 0.8450345764641721
Epoch: 189, train correlation: 0.9700096009645816, best: 0.8450345764641721
Epoch: 189, test correlation: 0.7452938925228135, best: 0.8450345764641721
Epoch: 190, train correlation: 0.9696195795132261, best: 0.8450345764641721
Epoch: 190, test correlation: 0.7534095283370118, best: 0.8450345764641721
Epoch: 191, train correlation: 0.9689520427984065, best: 0.8450345764641721
Epoch: 191, test correlation: 0.7502401084332421, best: 0.8450345764641721
Epoch: 192, train correlation: 0.972722500175259, best: 0.8450345764641721
Epoch: 192, test correlation: 0.7487034199950507, best: 0.8450345764641721
Epoch: 193, train correlation: 0.9688012845066324, best: 0.8450345764641721
Epoch: 193, test correlation: 0.7473107960979398, best: 0.8450345764641721
Epoch: 194, train correlation: 0.971289171341528, best: 0.8450345764641721
Epoch: 194, test correlation: 0.739435267852209, best: 0.8450345764641721
Epoch: 195, train correlation: 0.9716791927928834, best: 0.8450345764641721
Epoch: 195, test correlation: 0.7521609689809813, best: 0.8450345764641721
Epoch: 196, train correlation: 0.9682192524946099, best: 0.8450345764641721
Epoch: 196, test correlation: 0.7508163665975639, best: 0.8450345764641721
Epoch: 197, train correlation: 0.9667634224233007, best: 0.8450345764641721
Epoch: 197, test correlation: 0.7536496359054793, best: 0.8450345764641721
Epoch: 198, train correlation: 0.9736037986470714, best: 0.8450345764641721
Epoch: 198, test correlation: 0.7362658479484393, best: 0.8450345764641721
Epoch: 199, train correlation: 0.9685072683356107, best: 0.8450345764641721
Epoch: 199, test correlation: 0.7351133316197959, best: 0.8450345764641721
Epoch: 200, train correlation: 0.9695400751404497, best: 0.8450345764641721
Epoch: 200, test correlation: 0.7317038041475588, best: 0.8450345764641721
Epoch: 201, train correlation: 0.968478016726759, best: 0.8450345764641721
Epoch: 201, test correlation: 0.7423645801875115, best: 0.8450345764641721
Epoch: 202, train correlation: 0.9702331132578581, best: 0.8450345764641721
Epoch: 202, test correlation: 0.7424606232148984, best: 0.8450345764641721
Epoch: 203, train correlation: 0.9684772666855065, best: 0.8450345764641721
Epoch: 203, test correlation: 0.7395793323932895, best: 0.8450345764641721
Epoch: 204, train correlation: 0.9675299645834646, best: 0.8450345764641721
Epoch: 204, test correlation: 0.7248367276893911, best: 0.8450345764641721
Epoch: 205, train correlation: 0.9690202965523936, best: 0.8450345764641721
Epoch: 205, test correlation: 0.7465424518788443, best: 0.8450345764641721
Epoch: 206, train correlation: 0.9693173128884257, best: 0.8450345764641721
Epoch: 206, test correlation: 0.7388590096878874, best: 0.8450345764641721
Epoch: 207, train correlation: 0.9704641259636608, best: 0.8450345764641721
Epoch: 207, test correlation: 0.7291586639218043, best: 0.8450345764641721
Epoch: 208, train correlation: 0.9722604747636533, best: 0.8450345764641721
Epoch: 208, test correlation: 0.7481271618307289, best: 0.8450345764641721
Epoch: 209, train correlation: 0.9714841820672057, best: 0.8450345764641721
Epoch: 209, test correlation: 0.7354494822156503, best: 0.8450345764641721
