------------------------------EXP1------------------------------
Epoch: 0, train correlation: -0.0816697418725564, best: 0
Epoch: 0, test correlation: -0.1370053785674992, best: 0
Epoch: 1, train correlation: -0.047353104442054386, best: 0
Epoch: 1, test correlation: 0.03577602770164279, best: 0
-----New best found!-----
Epoch: 2, train correlation: 0.1699075949941873, best: 0.03577602770164279
Epoch: 2, test correlation: 0.16821936246826133, best: 0.03577602770164279
-----New best found!-----
Epoch: 3, train correlation: 0.25064653567225914, best: 0.16821936246826133
Epoch: 3, test correlation: 0.2128313486895045, best: 0.16821936246826133
-----New best found!-----
Epoch: 4, train correlation: 0.19727285009553291, best: 0.2128313486895045
Epoch: 4, test correlation: 0.4126008456543824, best: 0.2128313486895045
-----New best found!-----
Epoch: 5, train correlation: 0.32991839566023273, best: 0.4126008456543824
Epoch: 5, test correlation: 0.31977525968488507, best: 0.4126008456543824
Epoch: 6, train correlation: 0.3445683306225202, best: 0.4126008456543824
Epoch: 6, test correlation: 0.5371206306615767, best: 0.4126008456543824
-----New best found!-----
Epoch: 7, train correlation: 0.40764817083284755, best: 0.5371206306615767
Epoch: 7, test correlation: 0.5443238577155988, best: 0.5371206306615767
-----New best found!-----
Epoch: 8, train correlation: 0.4189460422208583, best: 0.5443238577155988
Epoch: 8, test correlation: 0.47363618955879583, best: 0.5443238577155988
Epoch: 9, train correlation: 0.502637145269189, best: 0.5443238577155988
Epoch: 9, test correlation: 0.5489819445438663, best: 0.5443238577155988
-----New best found!-----
Epoch: 10, train correlation: 0.49792013583154715, best: 0.5489819445438663
Epoch: 10, test correlation: 0.5625240114054278, best: 0.5489819445438663
-----New best found!-----
Epoch: 11, train correlation: 0.4996024783611434, best: 0.5625240114054278
Epoch: 11, test correlation: 0.60463887891461, best: 0.5625240114054278
-----New best found!-----
Epoch: 12, train correlation: 0.526369200542909, best: 0.60463887891461
Epoch: 12, test correlation: 0.6529005001765577, best: 0.60463887891461
-----New best found!-----
Epoch: 13, train correlation: 0.5358264706970235, best: 0.6529005001765577
Epoch: 13, test correlation: 0.6332116795622308, best: 0.6529005001765577
Epoch: 14, train correlation: 0.6248331161025761, best: 0.6529005001765577
Epoch: 14, test correlation: 0.6440645416569571, best: 0.6529005001765577
Epoch: 15, train correlation: 0.6705848824703158, best: 0.6529005001765577
Epoch: 15, test correlation: 0.6613042650729166, best: 0.6529005001765577
-----New best found!-----
Epoch: 16, train correlation: 0.704784513465411, best: 0.6613042650729166
Epoch: 16, test correlation: 0.702938917445164, best: 0.6613042650729166
-----New best found!-----
Epoch: 17, train correlation: 0.639086150025856, best: 0.702938917445164
Epoch: 17, test correlation: 0.7333845571268305, best: 0.702938917445164
-----New best found!-----
Epoch: 18, train correlation: 0.6823230280736062, best: 0.7333845571268305
Epoch: 18, test correlation: 0.7176815221490626, best: 0.7333845571268305
Epoch: 19, train correlation: 0.7273195028999713, best: 0.7333845571268305
Epoch: 19, test correlation: 0.7038033046916466, best: 0.7333845571268305
Epoch: 20, train correlation: 0.7518623527677589, best: 0.7333845571268305
Epoch: 20, test correlation: 0.7669996167122666, best: 0.7333845571268305
-----New best found!-----
Epoch: 21, train correlation: 0.7436741524130545, best: 0.7669996167122666
Epoch: 21, test correlation: 0.7875048030593828, best: 0.7669996167122666
-----New best found!-----
Epoch: 22, train correlation: 0.7418448017979474, best: 0.7875048030593828
Epoch: 22, test correlation: 0.7921628898876503, best: 0.7875048030593828
-----New best found!-----
Epoch: 23, train correlation: 0.7479208859853121, best: 0.7921628898876503
Epoch: 23, test correlation: 0.7596523251171642, best: 0.7921628898876503
Epoch: 24, train correlation: 0.8045475004745924, best: 0.7921628898876503
Epoch: 24, test correlation: 0.8264982721784887, best: 0.7921628898876503
-----New best found!-----
Epoch: 25, train correlation: 0.7452522392085384, best: 0.8264982721784887
Epoch: 25, test correlation: 0.7994141384553658, best: 0.8264982721784887
Epoch: 26, train correlation: 0.8272977517486507, best: 0.8264982721784887
Epoch: 26, test correlation: 0.8072896667010967, best: 0.8264982721784887
Epoch: 27, train correlation: 0.7954374994204347, best: 0.8264982721784887
Epoch: 27, test correlation: 0.8155973885700687, best: 0.8264982721784887
Epoch: 28, train correlation: 0.791915305698195, best: 0.8264982721784887
Epoch: 28, test correlation: 0.8385996936292458, best: 0.8264982721784887
-----New best found!-----
Epoch: 29, train correlation: 0.6339363667854603, best: 0.8385996936292458
Epoch: 29, test correlation: 0.8238570889253474, best: 0.8385996936292458
Epoch: 30, train correlation: 0.7463960521187633, best: 0.8385996936292458
Epoch: 30, test correlation: 0.8380714569786175, best: 0.8385996936292458
Epoch: 31, train correlation: 0.7577576770132455, best: 0.8385996936292458
Epoch: 31, test correlation: 0.7563868621860075, best: 0.8385996936292458
Epoch: 32, train correlation: 0.6601353077390029, best: 0.8385996936292458
Epoch: 32, test correlation: 0.765318863732995, best: 0.8385996936292458
Epoch: 33, train correlation: 0.7188110349304039, best: 0.8385996936292458
Epoch: 33, test correlation: 0.790818287504233, best: 0.8385996936292458
Epoch: 34, train correlation: 0.6342416335752711, best: 0.8385996936292458
Epoch: 34, test correlation: 0.7944679225449375, best: 0.8385996936292458
Epoch: 35, train correlation: 0.8004830269267182, best: 0.8385996936292458
Epoch: 35, test correlation: 0.838407607574472, best: 0.8385996936292458
Epoch: 36, train correlation: 0.8133199829650772, best: 0.8385996936292458
Epoch: 36, test correlation: 0.7901459863125243, best: 0.8385996936292458
Epoch: 37, train correlation: 0.7718164502521005, best: 0.8385996936292458
Epoch: 37, test correlation: 0.7494717642141465, best: 0.8385996936292458
Epoch: 38, train correlation: 0.6380518431385118, best: 0.8385996936292458
Epoch: 38, test correlation: 0.7521609689809813, best: 0.8385996936292458
Epoch: 39, train correlation: 0.8155858575892012, best: 0.8385996936292458
Epoch: 39, test correlation: 0.8083461400023533, best: 0.8385996936292458
Epoch: 40, train correlation: 0.8014543303488434, best: 0.8385996936292458
Epoch: 40, test correlation: 0.8256819064456995, best: 0.8385996936292458
Epoch: 41, train correlation: 0.8445779521674504, best: 0.8385996936292458
Epoch: 41, test correlation: 0.8126200547210729, best: 0.8385996936292458
Epoch: 42, train correlation: 0.7938609127074561, best: 0.8385996936292458
Epoch: 42, test correlation: 0.8074817527558705, best: 0.8385996936292458
Epoch: 43, train correlation: 0.8237328056750123, best: 0.8385996936292458
Epoch: 43, test correlation: 0.8109393017418012, best: 0.8385996936292458
Epoch: 44, train correlation: 0.8533339337503777, best: 0.8385996936292458
Epoch: 44, test correlation: 0.8082981184886598, best: 0.8385996936292458
Epoch: 45, train correlation: 0.8274065077302786, best: 0.8385996936292458
Epoch: 45, test correlation: 0.8287552833220824, best: 0.8385996936292458
Epoch: 46, train correlation: 0.8479343867728641, best: 0.8385996936292458
Epoch: 46, test correlation: 0.8321167892806259, best: 0.8385996936292458
Epoch: 47, train correlation: 0.8741303275613963, best: 0.8385996936292458
Epoch: 47, test correlation: 0.8123799471526054, best: 0.8385996936292458
Epoch: 48, train correlation: 0.7580096908741213, best: 0.8385996936292458
Epoch: 48, test correlation: 0.8126680762347664, best: 0.8385996936292458
Epoch: 49, train correlation: 0.8166284149303242, best: 0.8385996936292458
Epoch: 49, test correlation: 0.7985017296951898, best: 0.8385996936292458
Epoch: 50, train correlation: 0.6251728847900068, best: 0.8385996936292458
Epoch: 50, test correlation: 0.8138686140771034, best: 0.8385996936292458
Epoch: 51, train correlation: 0.7765252092359636, best: 0.8385996936292458
Epoch: 51, test correlation: 0.796724933688531, best: 0.8385996936292458
Epoch: 52, train correlation: 0.7442261827749729, best: 0.8385996936292458
Epoch: 52, test correlation: 0.788417211819559, best: 0.8385996936292458
Epoch: 53, train correlation: 0.6677782281030623, best: 0.8385996936292458
Epoch: 53, test correlation: 0.7802535544916673, best: 0.8385996936292458
Epoch: 54, train correlation: 0.6691898057404677, best: 0.8385996936292458
Epoch: 54, test correlation: 0.7641663474043514, best: 0.8385996936292458
Epoch: 55, train correlation: 0.8047432612415227, best: 0.8385996936292458
Epoch: 55, test correlation: 0.7789089521082498, best: 0.8385996936292458
Epoch: 56, train correlation: 0.8487466814494368, best: 0.8385996936292458
Epoch: 56, test correlation: 0.819439109665547, best: 0.8385996936292458
Epoch: 57, train correlation: 0.870566881570263, best: 0.8385996936292458
Epoch: 57, test correlation: 0.8043123328521009, best: 0.8385996936292458
Epoch: 58, train correlation: 0.7875485655255203, best: 0.8385996936292458
Epoch: 58, test correlation: 0.7957645034146614, best: 0.8385996936292458
Epoch: 59, train correlation: 0.8774192584540754, best: 0.8385996936292458
Epoch: 59, test correlation: 0.7995582029964463, best: 0.8385996936292458
Epoch: 60, train correlation: 0.7891656544661397, best: 0.8385996936292458
Epoch: 60, test correlation: 0.8109393017418012, best: 0.8385996936292458
Epoch: 61, train correlation: 0.8510328071873812, best: 0.8385996936292458
Epoch: 61, test correlation: 0.8153572810016013, best: 0.8385996936292458
Epoch: 62, train correlation: 0.869650331159578, best: 0.8385996936292458
Epoch: 62, test correlation: 0.8288993478631628, best: 0.8385996936292458
Epoch: 63, train correlation: 0.7710724093295148, best: 0.8385996936292458
Epoch: 63, test correlation: 0.805032655557503, best: 0.8385996936292458
Epoch: 64, train correlation: 0.8447587121093284, best: 0.8385996936292458
Epoch: 64, test correlation: 0.8245774116307496, best: 0.8385996936292458
Epoch: 65, train correlation: 0.8866027635509885, best: 0.8385996936292458
Epoch: 65, test correlation: 0.8237130243842669, best: 0.8385996936292458
Epoch: 66, train correlation: 0.8718832039685874, best: 0.8385996936292458
Epoch: 66, test correlation: 0.8133883989401686, best: 0.8385996936292458
Epoch: 67, train correlation: 0.8756424107266507, best: 0.8385996936292458
Epoch: 67, test correlation: 0.8331732625818825, best: 0.8385996936292458
Epoch: 68, train correlation: 0.8525193889500471, best: 0.8385996936292458
Epoch: 68, test correlation: 0.8363426824856521, best: 0.8385996936292458
Epoch: 69, train correlation: 0.8428911093903383, best: 0.8385996936292458
Epoch: 69, test correlation: 0.8033519025782313, best: 0.8385996936292458
Epoch: 70, train correlation: 0.8799716488366951, best: 0.8385996936292458
Epoch: 70, test correlation: 0.8097867854131576, best: 0.8385996936292458
Epoch: 71, train correlation: 0.8801449083660472, best: 0.8385996936292458
Epoch: 71, test correlation: 0.8359585103761045, best: 0.8385996936292458
Epoch: 72, train correlation: 0.8837166048109589, best: 0.8385996936292458
Epoch: 72, test correlation: 0.8256819064456995, best: 0.8385996936292458
Epoch: 73, train correlation: 0.8777852785853474, best: 0.8385996936292458
Epoch: 73, test correlation: 0.8386957366566327, best: 0.8385996936292458
-----New best found!-----
Epoch: 74, train correlation: 0.8752816408841471, best: 0.8386957366566327
Epoch: 74, test correlation: 0.8211678841585125, best: 0.8386957366566327
Epoch: 75, train correlation: 0.8361174868380497, best: 0.8386957366566327
Epoch: 75, test correlation: 0.8200633893435625, best: 0.8386957366566327
Epoch: 76, train correlation: 0.890157959088343, best: 0.8386957366566327
Epoch: 76, test correlation: 0.7590760669528426, best: 0.8386957366566327
Epoch: 77, train correlation: 0.8665894128076912, best: 0.8386957366566327
Epoch: 77, test correlation: 0.7688724557463125, best: 0.8386957366566327
Epoch: 78, train correlation: 0.8597227851400793, best: 0.8386957366566327
Epoch: 78, test correlation: 0.7621014223155317, best: 0.8386957366566327
Epoch: 79, train correlation: 0.8901264573557335, best: 0.8386957366566327
Epoch: 79, test correlation: 0.7875048030593828, best: 0.8386957366566327
Epoch: 80, train correlation: 0.8981924009862632, best: 0.8386957366566327
Epoch: 80, test correlation: 0.7815981568750847, best: 0.8386957366566327
Epoch: 81, train correlation: 0.9018278509376465, best: 0.8386957366566327
Epoch: 81, test correlation: 0.7861602006759654, best: 0.8386957366566327
Epoch: 82, train correlation: 0.9013530748247466, best: 0.8386957366566327
Epoch: 82, test correlation: 0.7988378802910441, best: 0.8386957366566327
Epoch: 83, train correlation: 0.919763587411224, best: 0.8386957366566327
Epoch: 83, test correlation: 0.8168459479260992, best: 0.8386957366566327
Epoch: 84, train correlation: 0.9218599527122591, best: 0.8386957366566327
Epoch: 84, test correlation: 0.7597483681445512, best: 0.8386957366566327
Epoch: 85, train correlation: 0.9111823654401539, best: 0.8386957366566327
Epoch: 85, test correlation: 0.7971571273117724, best: 0.8386957366566327
Epoch: 86, train correlation: 0.9159631283842673, best: 0.8386957366566327
Epoch: 86, test correlation: 0.7968209767159179, best: 0.8386957366566327
Epoch: 87, train correlation: 0.9210971607583582, best: 0.8386957366566327
Epoch: 87, test correlation: 0.7945639655723244, best: 0.8386957366566327
Epoch: 88, train correlation: 0.9178179804019629, best: 0.8386957366566327
Epoch: 88, test correlation: 0.7993661169416724, best: 0.8386957366566327
Epoch: 89, train correlation: 0.9228792587745512, best: 0.8386957366566327
Epoch: 89, test correlation: 0.7884652333332524, best: 0.8386957366566327
Epoch: 90, train correlation: 0.9201491086150638, best: 0.8386957366566327
Epoch: 90, test correlation: 0.8182865933369037, best: 0.8386957366566327
Epoch: 91, train correlation: 0.915933126734163, best: 0.8386957366566327
Epoch: 91, test correlation: 0.7945159440586309, best: 0.8386957366566327
Epoch: 92, train correlation: 0.9141847805743374, best: 0.8386957366566327
Epoch: 92, test correlation: 0.7998463320786072, best: 0.8386957366566327
Epoch: 93, train correlation: 0.9127176998842392, best: 0.8386957366566327
Epoch: 93, test correlation: 0.7965808691474505, best: 0.8386957366566327
Epoch: 94, train correlation: 0.9191973062655061, best: 0.8386957366566327
Epoch: 94, test correlation: 0.8031598165234574, best: 0.8386957366566327
Epoch: 95, train correlation: 0.9244115930536261, best: 0.8386957366566327
Epoch: 95, test correlation: 0.8046484834479553, best: 0.8386957366566327
Epoch: 96, train correlation: 0.9222747255249504, best: 0.8386957366566327
Epoch: 96, test correlation: 0.8356703812939436, best: 0.8386957366566327
Epoch: 97, train correlation: 0.9216919434716752, best: 0.8386957366566327
Epoch: 97, test correlation: 0.80402420376994, best: 0.8386957366566327
Epoch: 98, train correlation: 0.9259311766314067, best: 0.8386957366566327
Epoch: 98, test correlation: 0.844218210731383, best: 0.8386957366566327
-----New best found!-----
Epoch: 99, train correlation: 0.9219087053936784, best: 0.844218210731383
Epoch: 99, test correlation: 0.8251056482813779, best: 0.844218210731383
Epoch: 100, train correlation: 0.9269639834362458, best: 0.844218210731383
Epoch: 100, test correlation: 0.7848155982925479, best: 0.844218210731383
Epoch: 101, train correlation: 0.9245886027892413, best: 0.844218210731383
Epoch: 101, test correlation: 0.7961006540105158, best: 0.844218210731383
Epoch: 102, train correlation: 0.9214136781669582, best: 0.844218210731383
Epoch: 102, test correlation: 0.8023434507906682, best: 0.844218210731383
Epoch: 103, train correlation: 0.9250213765919951, best: 0.844218210731383
Epoch: 103, test correlation: 0.82361698135688, best: 0.844218210731383
Epoch: 104, train correlation: 0.9114583806211132, best: 0.844218210731383
Epoch: 104, test correlation: 0.7901940078262176, best: 0.844218210731383
Epoch: 105, train correlation: 0.9206966387294664, best: 0.844218210731383
Epoch: 105, test correlation: 0.8009988484072507, best: 0.844218210731383
Epoch: 106, train correlation: 0.9242690852156309, best: 0.844218210731383
Epoch: 106, test correlation: 0.8060891288587597, best: 0.844218210731383
Epoch: 107, train correlation: 0.9137145047089532, best: 0.844218210731383
Epoch: 107, test correlation: 0.813916635590797, best: 0.844218210731383
Epoch: 108, train correlation: 0.9184105129915221, best: 0.844218210731383
Epoch: 108, test correlation: 0.818526700905371, best: 0.844218210731383
Epoch: 109, train correlation: 0.9271702447807125, best: 0.844218210731383
Epoch: 109, test correlation: 0.7861121791622719, best: 0.844218210731383
Epoch: 110, train correlation: 0.9248661180527056, best: 0.844218210731383
Epoch: 110, test correlation: 0.7936035352984547, best: 0.844218210731383
Epoch: 111, train correlation: 0.9239495676420206, best: 0.844218210731383
Epoch: 111, test correlation: 0.8190549375559993, best: 0.844218210731383
Epoch: 112, train correlation: 0.9216641919453287, best: 0.844218210731383
Epoch: 112, test correlation: 0.8090664627077555, best: 0.844218210731383
Epoch: 113, train correlation: 0.9207926440098, best: 0.844218210731383
Epoch: 113, test correlation: 0.7743949298210626, best: 0.844218210731383
Epoch: 114, train correlation: 0.9289125906105173, best: 0.844218210731383
Epoch: 114, test correlation: 0.8073857097284836, best: 0.844218210731383
Epoch: 115, train correlation: 0.9220827149642832, best: 0.844218210731383
Epoch: 115, test correlation: 0.807817903351725, best: 0.844218210731383
Epoch: 116, train correlation: 0.9207296405445812, best: 0.844218210731383
Epoch: 116, test correlation: 0.7934594707573743, best: 0.844218210731383
Epoch: 117, train correlation: 0.9278100299691858, best: 0.844218210731383
Epoch: 117, test correlation: 0.7971571273117724, best: 0.844218210731383
Epoch: 118, train correlation: 0.9332560795043612, best: 0.844218210731383
Epoch: 118, test correlation: 0.7975412994213201, best: 0.844218210731383
Epoch: 119, train correlation: 0.9289118405692647, best: 0.844218210731383
Epoch: 119, test correlation: 0.7978774500171746, best: 0.844218210731383
Epoch: 120, train correlation: 0.9188695382381172, best: 0.844218210731383
Epoch: 120, test correlation: 0.7968689982296114, best: 0.844218210731383
Epoch: 121, train correlation: 0.9337053542146724, best: 0.844218210731383
Epoch: 121, test correlation: 0.7757875537181735, best: 0.844218210731383
Epoch: 122, train correlation: 0.9287318306686391, best: 0.844218210731383
Epoch: 122, test correlation: 0.7732904350061126, best: 0.844218210731383
Epoch: 123, train correlation: 0.9194538203738977, best: 0.844218210731383
Epoch: 123, test correlation: 0.7912504811274743, best: 0.844218210731383
Epoch: 124, train correlation: 0.9253971472595509, best: 0.844218210731383
Epoch: 124, test correlation: 0.7866404158129002, best: 0.844218210731383
Epoch: 125, train correlation: 0.9340818749234808, best: 0.844218210731383
Epoch: 125, test correlation: 0.8022954292769746, best: 0.844218210731383
Epoch: 126, train correlation: 0.9350989308620151, best: 0.844218210731383
Epoch: 126, test correlation: 0.7959565894694354, best: 0.844218210731383
Epoch: 127, train correlation: 0.9289470925081372, best: 0.844218210731383
Epoch: 127, test correlation: 0.7913945456685546, best: 0.844218210731383
Epoch: 128, train correlation: 0.9297211350808269, best: 0.844218210731383
Epoch: 128, test correlation: 0.7984056866678029, best: 0.844218210731383
Epoch: 129, train correlation: 0.9301089064084246, best: 0.844218210731383
Epoch: 129, test correlation: 0.7735785640882736, best: 0.844218210731383
Epoch: 130, train correlation: 0.9283125576084321, best: 0.844218210731383
Epoch: 130, test correlation: 0.7790530166493304, best: 0.844218210731383
Epoch: 131, train correlation: 0.9373400541248033, best: 0.844218210731383
Epoch: 131, test correlation: 0.7969650412569984, best: 0.844218210731383
Epoch: 132, train correlation: 0.9350599287168796, best: 0.844218210731383
Epoch: 132, test correlation: 0.8013349990031051, best: 0.844218210731383
Epoch: 133, train correlation: 0.9390448978919776, best: 0.844218210731383
Epoch: 133, test correlation: 0.7812139847655369, best: 0.844218210731383
Epoch: 134, train correlation: 0.9257234152044348, best: 0.844218210731383
Epoch: 134, test correlation: 0.7999423751059942, best: 0.844218210731383
Epoch: 135, train correlation: 0.9357079643591315, best: 0.844218210731383
Epoch: 135, test correlation: 0.7902900508536047, best: 0.844218210731383
Epoch: 136, train correlation: 0.9331248222851549, best: 0.844218210731383
Epoch: 136, test correlation: 0.8000384181333812, best: 0.844218210731383
Epoch: 137, train correlation: 0.9263909519192545, best: 0.844218210731383
Epoch: 137, test correlation: 0.8050806770711966, best: 0.844218210731383
Epoch: 138, train correlation: 0.9278032795979123, best: 0.844218210731383
Epoch: 138, test correlation: 0.8010948914346376, best: 0.844218210731383
Epoch: 139, train correlation: 0.93361834942937, best: 0.844218210731383
Epoch: 139, test correlation: 0.7997502890512201, best: 0.844218210731383
Epoch: 140, train correlation: 0.9330003154372224, best: 0.844218210731383
Epoch: 140, test correlation: 0.7900019217714437, best: 0.844218210731383
Epoch: 141, train correlation: 0.9339551179517903, best: 0.844218210731383
Epoch: 141, test correlation: 0.7903860938809917, best: 0.844218210731383
Epoch: 142, train correlation: 0.9351814353998018, best: 0.844218210731383
Epoch: 142, test correlation: 0.7954283528188071, best: 0.844218210731383
Epoch: 143, train correlation: 0.9252268878952092, best: 0.844218210731383
Epoch: 143, test correlation: 0.7779485218343802, best: 0.844218210731383
Epoch: 144, train correlation: 0.933283080989455, best: 0.844218210731383
Epoch: 144, test correlation: 0.7950922022229526, best: 0.844218210731383
Epoch: 145, train correlation: 0.935724465266689, best: 0.844218210731383
Epoch: 145, test correlation: 0.7965808691474505, best: 0.844218210731383
Epoch: 146, train correlation: 0.9283463094647996, best: 0.844218210731383
Epoch: 146, test correlation: 0.772330004732243, best: 0.844218210731383
Epoch: 147, train correlation: 0.9384381145186189, best: 0.844218210731383
Epoch: 147, test correlation: 0.7729542844102582, best: 0.844218210731383
Epoch: 148, train correlation: 0.9445862026662339, best: 0.844218210731383
Epoch: 148, test correlation: 0.8004225902429289, best: 0.844218210731383
Epoch: 149, train correlation: 0.9380570935622948, best: 0.844218210731383
Epoch: 149, test correlation: 0.7778524788069933, best: 0.844218210731383
Epoch: 150, train correlation: 0.9321047661816102, best: 0.844218210731383
Epoch: 150, test correlation: 0.7925470619971983, best: 0.844218210731383
Epoch: 151, train correlation: 0.9301629093786122, best: 0.844218210731383
Epoch: 151, test correlation: 0.7712735314309865, best: 0.844218210731383
Epoch: 152, train correlation: 0.9409665035811553, best: 0.844218210731383
Epoch: 152, test correlation: 0.7950441807092592, best: 0.844218210731383
Epoch: 153, train correlation: 0.9360867351916978, best: 0.844218210731383
Epoch: 153, test correlation: 0.7803976190327477, best: 0.844218210731383
Epoch: 154, train correlation: 0.9256761626055205, best: 0.844218210731383
Epoch: 154, test correlation: 0.7891375345249612, best: 0.844218210731383
Epoch: 155, train correlation: 0.9321992713794386, best: 0.844218210731383
Epoch: 155, test correlation: 0.7764118333961888, best: 0.844218210731383
Epoch: 156, train correlation: 0.9325135386642808, best: 0.844218210731383
Epoch: 156, test correlation: 0.7848636198062414, best: 0.844218210731383
Epoch: 157, train correlation: 0.9303159177941439, best: 0.844218210731383
Epoch: 157, test correlation: 0.7819343074709392, best: 0.844218210731383
Epoch: 158, train correlation: 0.9337908589174694, best: 0.844218210731383
Epoch: 158, test correlation: 0.7972051488254659, best: 0.844218210731383
Epoch: 159, train correlation: 0.9412905214022812, best: 0.844218210731383
Epoch: 159, test correlation: 0.7871686524635285, best: 0.844218210731383
Epoch: 160, train correlation: 0.9402989668663355, best: 0.844218210731383
Epoch: 160, test correlation: 0.7969650412569984, best: 0.844218210731383
Epoch: 161, train correlation: 0.9308266958871688, best: 0.844218210731383
Epoch: 161, test correlation: 0.7943718795175504, best: 0.844218210731383
Epoch: 162, train correlation: 0.9358392215783378, best: 0.844218210731383
Epoch: 162, test correlation: 0.800326547215542, best: 0.844218210731383
Epoch: 163, train correlation: 0.9396884332867138, best: 0.844218210731383
Epoch: 163, test correlation: 0.7754033816086258, best: 0.844218210731383
Epoch: 164, train correlation: 0.9393734159606193, best: 0.844218210731383
Epoch: 164, test correlation: 0.7892815990660416, best: 0.844218210731383
Epoch: 165, train correlation: 0.941060258737731, best: 0.844218210731383
Epoch: 165, test correlation: 0.7778524788069933, best: 0.844218210731383
Epoch: 166, train correlation: 0.9442134321636885, best: 0.844218210731383
Epoch: 166, test correlation: 0.7820783720120195, best: 0.844218210731383
Epoch: 167, train correlation: 0.9380383425309796, best: 0.844218210731383
Epoch: 167, test correlation: 0.796724933688531, best: 0.844218210731383
Epoch: 168, train correlation: 0.9376685721934448, best: 0.844218210731383
Epoch: 168, test correlation: 0.7763638118824953, best: 0.844218210731383
Epoch: 169, train correlation: 0.9331255723264076, best: 0.844218210731383
Epoch: 169, test correlation: 0.7781886294028476, best: 0.844218210731383
Epoch: 170, train correlation: 0.9344478950547528, best: 0.844218210731383
Epoch: 170, test correlation: 0.7946600085997113, best: 0.844218210731383
Epoch: 171, train correlation: 0.9338141101963003, best: 0.844218210731383
Epoch: 171, test correlation: 0.772522090787017, best: 0.844218210731383
Epoch: 172, train correlation: 0.9445989533675282, best: 0.844218210731383
Epoch: 172, test correlation: 0.7631578956167883, best: 0.844218210731383
Epoch: 173, train correlation: 0.9335718468717085, best: 0.844218210731383
Epoch: 173, test correlation: 0.7725701123007105, best: 0.844218210731383
Epoch: 174, train correlation: 0.9398436918260034, best: 0.844218210731383
Epoch: 174, test correlation: 0.7718497895953083, best: 0.844218210731383
Epoch: 175, train correlation: 0.9392309081226239, best: 0.844218210731383
Epoch: 175, test correlation: 0.7919708038328764, best: 0.844218210731383
Epoch: 176, train correlation: 0.9495604762535197, best: 0.844218210731383
Epoch: 176, test correlation: 0.7848636198062414, best: 0.844218210731383
Epoch: 177, train correlation: 0.9356224596563344, best: 0.844218210731383
Epoch: 177, test correlation: 0.8033038810645378, best: 0.844218210731383
Epoch: 178, train correlation: 0.9344726464160886, best: 0.844218210731383
Epoch: 178, test correlation: 0.7728102198691779, best: 0.844218210731383
Epoch: 179, train correlation: 0.9420165613348042, best: 0.844218210731383
Epoch: 179, test correlation: 0.7879369966826241, best: 0.844218210731383
Epoch: 180, train correlation: 0.9326620468322969, best: 0.844218210731383
Epoch: 180, test correlation: 0.7924510189698113, best: 0.844218210731383
Epoch: 181, train correlation: 0.940692738523954, best: 0.844218210731383
Epoch: 181, test correlation: 0.7997983105649137, best: 0.844218210731383
Epoch: 182, train correlation: 0.9425768421505013, best: 0.844218210731383
Epoch: 182, test correlation: 0.7610449490142752, best: 0.844218210731383
Epoch: 183, train correlation: 0.9376213195945307, best: 0.844218210731383
Epoch: 183, test correlation: 0.7765558979372694, best: 0.844218210731383
Epoch: 184, train correlation: 0.9428461069601869, best: 0.844218210731383
Epoch: 184, test correlation: 0.7790049951356368, best: 0.844218210731383
Epoch: 185, train correlation: 0.9385048681901009, best: 0.844218210731383
Epoch: 185, test correlation: 0.7940837504353895, best: 0.844218210731383
Epoch: 186, train correlation: 0.9394716713647107, best: 0.844218210731383
Epoch: 186, test correlation: 0.7970610842843853, best: 0.844218210731383
Epoch: 187, train correlation: 0.9373468044960765, best: 0.844218210731383
Epoch: 187, test correlation: 0.7958125249283547, best: 0.844218210731383
Epoch: 188, train correlation: 0.9274402596316508, best: 0.844218210731383
Epoch: 188, test correlation: 0.8012869774894116, best: 0.844218210731383
Epoch: 189, train correlation: 0.9347186599469437, best: 0.844218210731383
Epoch: 189, test correlation: 0.7924510189698113, best: 0.844218210731383
Epoch: 190, train correlation: 0.939171654863668, best: 0.844218210731383
Epoch: 190, test correlation: 0.7909143305316199, best: 0.844218210731383
Epoch: 191, train correlation: 0.9453617453214289, best: 0.844218210731383
Epoch: 191, test correlation: 0.790722244476846, best: 0.844218210731383
Epoch: 192, train correlation: 0.9366897683587933, best: 0.844218210731383
Epoch: 192, test correlation: 0.8101709575227055, best: 0.844218210731383
Epoch: 193, train correlation: 0.9389833945092638, best: 0.844218210731383
Epoch: 193, test correlation: 0.7766039194509627, best: 0.844218210731383
Epoch: 194, train correlation: 0.9349001699300744, best: 0.844218210731383
Epoch: 194, test correlation: 0.7880810612237046, best: 0.844218210731383
Epoch: 195, train correlation: 0.935218937462432, best: 0.844218210731383
Epoch: 195, test correlation: 0.7840472540734521, best: 0.844218210731383
Epoch: 196, train correlation: 0.9432601297316258, best: 0.844218210731383
Epoch: 196, test correlation: 0.7971571273117724, best: 0.844218210731383
Epoch: 197, train correlation: 0.9430103659945077, best: 0.844218210731383
Epoch: 197, test correlation: 0.8022954292769746, best: 0.844218210731383
Epoch: 198, train correlation: 0.9417075443387304, best: 0.844218210731383
Epoch: 198, test correlation: 0.8046484834479553, best: 0.844218210731383
Epoch: 199, train correlation: 0.9402472140199055, best: 0.844218210731383
Epoch: 199, test correlation: 0.7711774884035993, best: 0.844218210731383
Epoch: 200, train correlation: 0.932892309496847, best: 0.844218210731383
Epoch: 200, test correlation: 0.7921628898876503, best: 0.844218210731383
Epoch: 201, train correlation: 0.9324475350340513, best: 0.844218210731383
Epoch: 201, test correlation: 0.777132156101591, best: 0.844218210731383
Epoch: 202, train correlation: 0.947120592058791, best: 0.844218210731383
Epoch: 202, test correlation: 0.7839512110460652, best: 0.844218210731383
Epoch: 203, train correlation: 0.9380375924897271, best: 0.844218210731383
Epoch: 203, test correlation: 0.7677679609313623, best: 0.844218210731383
Epoch: 204, train correlation: 0.9416595416985637, best: 0.844218210731383
Epoch: 204, test correlation: 0.7736265856019671, best: 0.844218210731383
Epoch: 205, train correlation: 0.9385993733879293, best: 0.844218210731383
Epoch: 205, test correlation: 0.7790049951356368, best: 0.844218210731383
Epoch: 206, train correlation: 0.93724704900948, best: 0.844218210731383
Epoch: 206, test correlation: 0.7922109114013438, best: 0.844218210731383
Epoch: 207, train correlation: 0.9320477630464122, best: 0.844218210731383
Epoch: 207, test correlation: 0.7813100277929238, best: 0.844218210731383
Epoch: 208, train correlation: 0.938748631597198, best: 0.844218210731383
Epoch: 208, test correlation: 0.7879369966826241, best: 0.844218210731383
Epoch: 209, train correlation: 0.9488351863622493, best: 0.844218210731383
Epoch: 209, test correlation: 0.7866884373265935, best: 0.844218210731383
Epoch: 210, train correlation: 0.9423480795684562, best: 0.844218210731383
Epoch: 210, test correlation: 0.7688244342326189, best: 0.844218210731383
Epoch: 211, train correlation: 0.9374465599826733, best: 0.844218210731383
Epoch: 211, test correlation: 0.8092105272488358, best: 0.844218210731383
Epoch: 212, train correlation: 0.9350291770255227, best: 0.844218210731383
Epoch: 212, test correlation: 0.7835190174228238, best: 0.844218210731383
Epoch: 213, train correlation: 0.9427426012673272, best: 0.844218210731383
Epoch: 213, test correlation: 0.7900499432851373, best: 0.844218210731383
Epoch: 214, train correlation: 0.93360109848056, best: 0.844218210731383
Epoch: 214, test correlation: 0.7680560900135233, best: 0.844218210731383
Epoch: 215, train correlation: 0.9483986623532323, best: 0.844218210731383
Epoch: 215, test correlation: 0.7712735314309865, best: 0.844218210731383
Epoch: 216, train correlation: 0.9340076208394726, best: 0.844218210731383
Epoch: 216, test correlation: 0.7717537465679212, best: 0.844218210731383
Epoch: 217, train correlation: 0.9394206685595333, best: 0.844218210731383
Epoch: 217, test correlation: 0.7818382644435521, best: 0.844218210731383
Epoch: 218, train correlation: 0.9385318696751948, best: 0.844218210731383
Epoch: 218, test correlation: 0.7799174038958129, best: 0.844218210731383
Epoch: 219, train correlation: 0.9364925075093579, best: 0.844218210731383
Epoch: 219, test correlation: 0.80291970895499, best: 0.844218210731383
Epoch: 220, train correlation: 0.9334278389512078, best: 0.844218210731383
Epoch: 220, test correlation: 0.788033039710011, best: 0.844218210731383
Epoch: 221, train correlation: 0.9390538983870089, best: 0.844218210731383
Epoch: 221, test correlation: 0.7845754907240804, best: 0.844218210731383
Epoch: 222, train correlation: 0.9377083243798329, best: 0.844218210731383
Epoch: 222, test correlation: 0.7869765664087545, best: 0.844218210731383
Epoch: 223, train correlation: 0.9369725339110261, best: 0.844218210731383
Epoch: 223, test correlation: 0.7633499816715622, best: 0.844218210731383
Epoch: 224, train correlation: 0.9432106270089535, best: 0.844218210731383
Epoch: 224, test correlation: 0.8069054945915487, best: 0.844218210731383
Epoch: 225, train correlation: 0.9361482385744114, best: 0.844218210731383
Epoch: 225, test correlation: 0.7786688445397824, best: 0.844218210731383
Epoch: 226, train correlation: 0.9330408176648631, best: 0.844218210731383
Epoch: 226, test correlation: 0.7900979647988308, best: 0.844218210731383
Epoch: 227, train correlation: 0.9375973182744471, best: 0.844218210731383
Epoch: 227, test correlation: 0.7788129090808628, best: 0.844218210731383
Epoch: 228, train correlation: 0.9390861501608708, best: 0.844218210731383
Epoch: 228, test correlation: 0.7661832509794776, best: 0.844218210731383
Epoch: 229, train correlation: 0.9365172588706939, best: 0.844218210731383
Epoch: 229, test correlation: 0.7815021138476977, best: 0.844218210731383
Epoch: 230, train correlation: 0.9470770896661399, best: 0.844218210731383
Epoch: 230, test correlation: 0.7908663090179264, best: 0.844218210731383
Epoch: 231, train correlation: 0.9403214681039137, best: 0.844218210731383
Epoch: 231, test correlation: 0.7775163282111389, best: 0.844218210731383
Epoch: 232, train correlation: 0.9369095304458072, best: 0.844218210731383
Epoch: 232, test correlation: 0.7693526708832472, best: 0.844218210731383
Epoch: 233, train correlation: 0.9463532998573746, best: 0.844218210731383
Epoch: 233, test correlation: 0.7761717258277214, best: 0.844218210731383
Epoch: 234, train correlation: 0.9444301940856916, best: 0.844218210731383
Epoch: 234, test correlation: 0.8002785257018485, best: 0.844218210731383
Epoch: 235, train correlation: 0.9347036591218917, best: 0.844218210731383
Epoch: 235, test correlation: 0.7713695744583735, best: 0.844218210731383
Epoch: 236, train correlation: 0.9387673826285131, best: 0.844218210731383
Epoch: 236, test correlation: 0.7611890135553556, best: 0.844218210731383
Epoch: 237, train correlation: 0.942131317646453, best: 0.844218210731383
Epoch: 237, test correlation: 0.7652708422193013, best: 0.844218210731383
Epoch: 238, train correlation: 0.9435953981715408, best: 0.844218210731383
Epoch: 238, test correlation: 0.7983096436404159, best: 0.844218210731383
Epoch: 239, train correlation: 0.9456917634725757, best: 0.844218210731383
Epoch: 239, test correlation: 0.7594122175486967, best: 0.844218210731383
Epoch: 240, train correlation: 0.9397296855556072, best: 0.844218210731383
Epoch: 240, test correlation: 0.7800134469231998, best: 0.844218210731383
Epoch: 241, train correlation: 0.9396779327091774, best: 0.844218210731383
Epoch: 241, test correlation: 0.7660872079520906, best: 0.844218210731383
Epoch: 242, train correlation: 0.953533444768576, best: 0.844218210731383
Epoch: 242, test correlation: 0.7848636198062414, best: 0.844218210731383
Epoch: 243, train correlation: 0.9428768586515438, best: 0.844218210731383
Epoch: 243, test correlation: 0.7707933162940517, best: 0.844218210731383
Epoch: 244, train correlation: 0.9479163858278064, best: 0.844218210731383
Epoch: 244, test correlation: 0.8084421830297401, best: 0.844218210731383
Epoch: 245, train correlation: 0.9407984943405715, best: 0.844218210731383
Epoch: 245, test correlation: 0.8093545917899162, best: 0.844218210731383
Epoch: 246, train correlation: 0.9370752895626331, best: 0.844218210731383
Epoch: 246, test correlation: 0.7847675767788544, best: 0.844218210731383
Epoch: 247, train correlation: 0.9431941261013963, best: 0.844218210731383
Epoch: 247, test correlation: 0.791922782319183, best: 0.844218210731383
Epoch: 248, train correlation: 0.9342416337102859, best: 0.844218210731383
Epoch: 248, test correlation: 0.760132540254099, best: 0.844218210731383
Epoch: 249, train correlation: 0.9426480960694987, best: 0.844218210731383
Epoch: 249, test correlation: 0.7949001161681788, best: 0.844218210731383
Epoch: 250, train correlation: 0.9395121735923513, best: 0.844218210731383
Epoch: 250, test correlation: 0.7656069928151558, best: 0.844218210731383
Epoch: 251, train correlation: 0.9421605692553047, best: 0.844218210731383
Epoch: 251, test correlation: 0.7989339233184312, best: 0.844218210731383
Epoch: 252, train correlation: 0.9433486345994333, best: 0.844218210731383
Epoch: 252, test correlation: 0.765318863732995, best: 0.844218210731383
Epoch: 253, train correlation: 0.9323627803725069, best: 0.844218210731383
Epoch: 253, test correlation: 0.7743469083073693, best: 0.844218210731383
Epoch: 254, train correlation: 0.938068344181084, best: 0.844218210731383
Epoch: 254, test correlation: 0.76152516415121, best: 0.844218210731383
Epoch: 255, train correlation: 0.9416842930598995, best: 0.844218210731383
Epoch: 255, test correlation: 0.7812620062792305, best: 0.844218210731383
Epoch: 256, train correlation: 0.9376933235547809, best: 0.844218210731383
Epoch: 256, test correlation: 0.7899058787440567, best: 0.844218210731383
Epoch: 257, train correlation: 0.943671152338054, best: 0.844218210731383
Epoch: 257, test correlation: 0.7589320024117621, best: 0.844218210731383
Epoch: 258, train correlation: 0.9426765976370979, best: 0.844218210731383
Epoch: 258, test correlation: 0.7896657711755893, best: 0.844218210731383
Epoch: 259, train correlation: 0.9360327322215102, best: 0.844218210731383
Epoch: 259, test correlation: 0.7698809075338755, best: 0.844218210731383
Epoch: 260, train correlation: 0.9424973377777249, best: 0.844218210731383
Epoch: 260, test correlation: 0.7686323481778451, best: 0.844218210731383
Epoch: 261, train correlation: 0.9397731879482584, best: 0.844218210731383
Epoch: 261, test correlation: 0.7812620062792305, best: 0.844218210731383
Epoch: 262, train correlation: 0.937007035808646, best: 0.844218210731383
Epoch: 262, test correlation: 0.7936995783258418, best: 0.844218210731383
Epoch: 263, train correlation: 0.9439216661164246, best: 0.844218210731383
Epoch: 263, test correlation: 0.7895697281482025, best: 0.844218210731383
Epoch: 264, train correlation: 0.9427463514735902, best: 0.844218210731383
Epoch: 264, test correlation: 0.7709854023488255, best: 0.844218210731383
Epoch: 265, train correlation: 0.9376805728534865, best: 0.844218210731383
Epoch: 265, test correlation: 0.7452938925228135, best: 0.844218210731383
Epoch: 266, train correlation: 0.9405442303559377, best: 0.844218210731383
Epoch: 266, test correlation: 0.7785247799987021, best: 0.844218210731383
Epoch: 267, train correlation: 0.9318752535583127, best: 0.844218210731383
Epoch: 267, test correlation: 0.789233577552348, best: 0.844218210731383
Epoch: 268, train correlation: 0.9354852021071075, best: 0.844218210731383
Epoch: 268, test correlation: 0.7868805233813676, best: 0.844218210731383
Epoch: 269, train correlation: 0.9493527148265477, best: 0.844218210731383
Epoch: 269, test correlation: 0.785920093107498, best: 0.844218210731383
Epoch: 270, train correlation: 0.9402472140199055, best: 0.844218210731383
Epoch: 270, test correlation: 0.7772762206426715, best: 0.844218210731383
Epoch: 271, train correlation: 0.9442329332362562, best: 0.844218210731383
Epoch: 271, test correlation: 0.7941797934627766, best: 0.844218210731383
Epoch: 272, train correlation: 0.9398534423622873, best: 0.844218210731383
Epoch: 272, test correlation: 0.7870726094361414, best: 0.844218210731383
Epoch: 273, train correlation: 0.938483867035028, best: 0.844218210731383
Epoch: 273, test correlation: 0.7639262398358839, best: 0.844218210731383
Epoch: 274, train correlation: 0.946078034717668, best: 0.844218210731383
Epoch: 274, test correlation: 0.7692566278558602, best: 0.844218210731383
Epoch: 275, train correlation: 0.9431438733374717, best: 0.844218210731383
Epoch: 275, test correlation: 0.8152132164605209, best: 0.844218210731383
Epoch: 276, train correlation: 0.940231463153601, best: 0.844218210731383
Epoch: 276, test correlation: 0.7605647338773404, best: 0.844218210731383
Epoch: 277, train correlation: 0.940358970166544, best: 0.844218210731383
Epoch: 277, test correlation: 0.7535055713643987, best: 0.844218210731383
Epoch: 278, train correlation: 0.9369335317658903, best: 0.844218210731383
Epoch: 278, test correlation: 0.763013831075708, best: 0.844218210731383
Epoch: 279, train correlation: 0.9396921834929769, best: 0.844218210731383
Epoch: 279, test correlation: 0.766423358547945, best: 0.844218210731383
Epoch: 280, train correlation: 0.9404737264781928, best: 0.844218210731383
Epoch: 280, test correlation: 0.7999903966196875, best: 0.844218210731383
Epoch: 281, train correlation: 0.945277740701137, best: 0.844218210731383
Epoch: 281, test correlation: 0.7831348453132762, best: 0.844218210731383
Epoch: 282, train correlation: 0.9425130886440297, best: 0.844218210731383
Epoch: 282, test correlation: 0.7818862859572456, best: 0.844218210731383
Epoch: 283, train correlation: 0.9456565115337033, best: 0.844218210731383
Epoch: 283, test correlation: 0.7712735314309865, best: 0.844218210731383
Epoch: 284, train correlation: 0.9301936610699691, best: 0.844218210731383
Epoch: 284, test correlation: 0.7846715337514675, best: 0.844218210731383
Epoch: 285, train correlation: 0.9437686577008928, best: 0.844218210731383
Epoch: 285, test correlation: 0.7701690366160365, best: 0.844218210731383
Epoch: 286, train correlation: 0.9413190229698802, best: 0.844218210731383
Epoch: 286, test correlation: 0.7925470619971983, best: 0.844218210731383
Epoch: 287, train correlation: 0.9390628988820401, best: 0.844218210731383
Epoch: 287, test correlation: 0.7834709959091305, best: 0.844218210731383
Epoch: 288, train correlation: 0.9431768751525863, best: 0.844218210731383
Epoch: 288, test correlation: 0.7795812532999585, best: 0.844218210731383
Epoch: 289, train correlation: 0.9424245837762222, best: 0.844218210731383
Epoch: 289, test correlation: 0.7740587792252083, best: 0.844218210731383
Epoch: 290, train correlation: 0.9377053242148224, best: 0.844218210731383
Epoch: 290, test correlation: 0.7750192094990779, best: 0.844218210731383
Epoch: 291, train correlation: 0.9406582366263341, best: 0.844218210731383
Epoch: 291, test correlation: 0.8164137543028579, best: 0.844218210731383
Epoch: 292, train correlation: 0.9415267843968523, best: 0.844218210731383
Epoch: 292, test correlation: 0.767623896390282, best: 0.844218210731383
Epoch: 293, train correlation: 0.9393441643517676, best: 0.844218210731383
Epoch: 293, test correlation: 0.7799654254095063, best: 0.844218210731383
Epoch: 294, train correlation: 0.9356697122552486, best: 0.844218210731383
Epoch: 294, test correlation: 0.7873127170046089, best: 0.844218210731383
Epoch: 295, train correlation: 0.9443101874852747, best: 0.844218210731383
Epoch: 295, test correlation: 0.7682961975819907, best: 0.844218210731383
Epoch: 296, train correlation: 0.9464245537763722, best: 0.844218210731383
Epoch: 296, test correlation: 0.7446215913311048, best: 0.844218210731383
Epoch: 297, train correlation: 0.9419303065907545, best: 0.844218210731383
Epoch: 297, test correlation: 0.7986938157499637, best: 0.844218210731383
Epoch: 298, train correlation: 0.9429556129830676, best: 0.844218210731383
Epoch: 298, test correlation: 0.7913465241548613, best: 0.844218210731383
Epoch: 299, train correlation: 0.9414547804366021, best: 0.844218210731383
Epoch: 299, test correlation: 0.7787648875671693, best: 0.844218210731383
Epoch: 300, train correlation: 0.933044567871126, best: 0.844218210731383
Epoch: 300, test correlation: 0.7785247799987021, best: 0.844218210731383
Epoch: 301, train correlation: 0.9445284494897832, best: 0.844218210731383
Epoch: 301, test correlation: 0.7832308883406631, best: 0.844218210731383
Epoch: 302, train correlation: 0.9452649899998427, best: 0.844218210731383
Epoch: 302, test correlation: 0.8043603543657944, best: 0.844218210731383
Epoch: 303, train correlation: 0.9444894473446476, best: 0.844218210731383
Epoch: 303, test correlation: 0.7665194015753319, best: 0.844218210731383
Epoch: 304, train correlation: 0.9458290210218027, best: 0.844218210731383
Epoch: 304, test correlation: 0.7913945456685546, best: 0.844218210731383
Epoch: 305, train correlation: 0.9360094809426793, best: 0.844218210731383
Epoch: 305, test correlation: 0.7898098357166699, best: 0.844218210731383
Epoch: 306, train correlation: 0.9363004969486906, best: 0.844218210731383
Epoch: 306, test correlation: 0.7744429513347562, best: 0.844218210731383
Epoch: 307, train correlation: 0.9315122335920512, best: 0.844218210731383
Epoch: 307, test correlation: 0.7930272771341331, best: 0.844218210731383
Epoch: 308, train correlation: 0.9442389335662771, best: 0.844218210731383
Epoch: 308, test correlation: 0.7827026516900348, best: 0.844218210731383
Epoch: 309, train correlation: 0.942586592686785, best: 0.844218210731383
Epoch: 309, test correlation: 0.7597003466308577, best: 0.844218210731383
Epoch: 310, train correlation: 0.9423525798159719, best: 0.844218210731383
Epoch: 310, test correlation: 0.8017191711126528, best: 0.844218210731383
Epoch: 311, train correlation: 0.9434701412823554, best: 0.844218210731383
Epoch: 311, test correlation: 0.7911544381000872, best: 0.844218210731383
Epoch: 312, train correlation: 0.9378553324653438, best: 0.844218210731383
Epoch: 312, test correlation: 0.7681041115272167, best: 0.844218210731383
Epoch: 313, train correlation: 0.9423975822911284, best: 0.844218210731383
Epoch: 313, test correlation: 0.7995582029964463, best: 0.844218210731383
Epoch: 314, train correlation: 0.9430388675621069, best: 0.844218210731383
Epoch: 314, test correlation: 0.7840472540734521, best: 0.844218210731383
Epoch: 315, train correlation: 0.9428326062176401, best: 0.844218210731383
Epoch: 315, test correlation: 0.7825585871489543, best: 0.844218210731383
Epoch: 316, train correlation: 0.9398114400521413, best: 0.844218210731383
Epoch: 316, test correlation: 0.7571071848914098, best: 0.844218210731383
Epoch: 317, train correlation: 0.9418628028780198, best: 0.844218210731383
Epoch: 317, test correlation: 0.7902900508536047, best: 0.844218210731383
Epoch: 318, train correlation: 0.9439989203654431, best: 0.844218210731383
Epoch: 318, test correlation: 0.7692566278558602, best: 0.844218210731383
Epoch: 319, train correlation: 0.9384471150136502, best: 0.844218210731383
Epoch: 319, test correlation: 0.7741068007389018, best: 0.844218210731383
Epoch: 320, train correlation: 0.9438444118674061, best: 0.844218210731383
Epoch: 320, test correlation: 0.7756434891770931, best: 0.844218210731383
Epoch: 321, train correlation: 0.9363815014039721, best: 0.844218210731383
Epoch: 321, test correlation: 0.7832789098543564, best: 0.844218210731383
Epoch: 322, train correlation: 0.9419430572920487, best: 0.844218210731383
Epoch: 322, test correlation: 0.7592201314939229, best: 0.844218210731383
Epoch: 323, train correlation: 0.9348319161760873, best: 0.844218210731383
Epoch: 323, test correlation: 0.7707452947803581, best: 0.844218210731383
Epoch: 324, train correlation: 0.94413617791467, best: 0.844218210731383
Epoch: 324, test correlation: 0.789521706634509, best: 0.844218210731383
Epoch: 325, train correlation: 0.9390598987170297, best: 0.844218210731383
Epoch: 325, test correlation: 0.7843834046693066, best: 0.844218210731383
Epoch: 326, train correlation: 0.9434776416948815, best: 0.844218210731383
Epoch: 326, test correlation: 0.79312332016152, best: 0.844218210731383
Epoch: 327, train correlation: 0.9489551929626663, best: 0.844218210731383
Epoch: 327, test correlation: 0.7823665010941804, best: 0.844218210731383
Epoch: 328, train correlation: 0.9407482415766467, best: 0.844218210731383
Epoch: 328, test correlation: 0.7961486755242092, best: 0.844218210731383
Epoch: 329, train correlation: 0.9370767896451383, best: 0.844218210731383
Epoch: 329, test correlation: 0.7823184795804868, best: 0.844218210731383
Epoch: 330, train correlation: 0.9331015710063242, best: 0.844218210731383
Epoch: 330, test correlation: 0.7836150604502109, best: 0.844218210731383
Epoch: 331, train correlation: 0.9400889553156057, best: 0.844218210731383
Epoch: 331, test correlation: 0.7648866701097536, best: 0.844218210731383
Epoch: 332, train correlation: 0.9398391915784878, best: 0.844218210731383
Epoch: 332, test correlation: 0.7872646954909154, best: 0.844218210731383
Epoch: 333, train correlation: 0.943244378865321, best: 0.844218210731383
Epoch: 333, test correlation: 0.7771801776152846, best: 0.844218210731383
Epoch: 334, train correlation: 0.94619654123558, best: 0.844218210731383
Epoch: 334, test correlation: 0.7956684603872745, best: 0.844218210731383
Epoch: 335, train correlation: 0.940330468598945, best: 0.844218210731383
Epoch: 335, test correlation: 0.7821744150394064, best: 0.844218210731383
Epoch: 336, train correlation: 0.9370460379537815, best: 0.844218210731383
Epoch: 336, test correlation: 0.7890895130112676, best: 0.844218210731383
Epoch: 337, train correlation: 0.9425123386027772, best: 0.844218210731383
Epoch: 337, test correlation: 0.7939396858943091, best: 0.844218210731383
Epoch: 338, train correlation: 0.9429338617867418, best: 0.844218210731383
Epoch: 338, test correlation: 0.7978774500171746, best: 0.844218210731383
Epoch: 339, train correlation: 0.9429856146331719, best: 0.844218210731383
Epoch: 339, test correlation: 0.7737706501430475, best: 0.844218210731383
Epoch: 340, train correlation: 0.9362479940610082, best: 0.844218210731383
Epoch: 340, test correlation: 0.7808778341696825, best: 0.844218210731383
Epoch: 341, train correlation: 0.939762687370722, best: 0.844218210731383
Epoch: 341, test correlation: 0.7844794476966934, best: 0.844218210731383
Epoch: 342, train correlation: 0.9349684236840616, best: 0.844218210731383
Epoch: 342, test correlation: 0.7856799855390305, best: 0.844218210731383
Epoch: 343, train correlation: 0.946060783768858, best: 0.844218210731383
Epoch: 343, test correlation: 0.779341145731491, best: 0.844218210731383
Epoch: 344, train correlation: 0.9378875842392058, best: 0.844218210731383
Epoch: 344, test correlation: 0.7703611226708104, best: 0.844218210731383
Epoch: 345, train correlation: 0.9409665035811553, best: 0.844218210731383
Epoch: 345, test correlation: 0.7716096820268408, best: 0.844218210731383
Epoch: 346, train correlation: 0.9406094839449145, best: 0.844218210731383
Epoch: 346, test correlation: 0.8011909344620246, best: 0.844218210731383
Epoch: 347, train correlation: 0.9420600637274555, best: 0.844218210731383
Epoch: 347, test correlation: 0.7778044572932998, best: 0.844218210731383
Epoch: 348, train correlation: 0.9486101739864674, best: 0.844218210731383
Epoch: 348, test correlation: 0.7762677688551084, best: 0.844218210731383
Epoch: 349, train correlation: 0.9389691437254644, best: 0.844218210731383
Epoch: 349, test correlation: 0.7987898587773505, best: 0.844218210731383
Epoch: 350, train correlation: 0.9394394195908484, best: 0.844218210731383
Epoch: 350, test correlation: 0.7625336159387731, best: 0.844218210731383
Epoch: 351, train correlation: 0.9463780512187105, best: 0.844218210731383
Epoch: 351, test correlation: 0.7783807154576216, best: 0.844218210731383
Epoch: 352, train correlation: 0.9405794822948103, best: 0.844218210731383
Epoch: 352, test correlation: 0.7629658095620144, best: 0.844218210731383
Epoch: 353, train correlation: 0.9369620333334895, best: 0.844218210731383
Epoch: 353, test correlation: 0.7869285448950609, best: 0.844218210731383
Epoch: 354, train correlation: 0.9429121105904162, best: 0.844218210731383
Epoch: 354, test correlation: 0.7730503274376452, best: 0.844218210731383
Epoch: 355, train correlation: 0.9429196110029424, best: 0.844218210731383
Epoch: 355, test correlation: 0.7943718795175504, best: 0.844218210731383
Epoch: 356, train correlation: 0.9313667255890455, best: 0.844218210731383
Epoch: 356, test correlation: 0.7868805233813676, best: 0.844218210731383
Epoch: 357, train correlation: 0.9364940075918631, best: 0.844218210731383
Epoch: 357, test correlation: 0.7974932779076267, best: 0.844218210731383
Epoch: 358, train correlation: 0.9306856881316788, best: 0.844218210731383
Epoch: 358, test correlation: 0.7801575114642804, best: 0.844218210731383
Epoch: 359, train correlation: 0.9389556429829174, best: 0.844218210731383
Epoch: 359, test correlation: 0.7625816374524665, best: 0.844218210731383
Epoch: 360, train correlation: 0.94181105003159, best: 0.844218210731383
Epoch: 360, test correlation: 0.7848636198062414, best: 0.844218210731383
Epoch: 361, train correlation: 0.9407017390189851, best: 0.844218210731383
Epoch: 361, test correlation: 0.7650787561645275, best: 0.844218210731383
Epoch: 362, train correlation: 0.9386503761931067, best: 0.844218210731383
Epoch: 362, test correlation: 0.8078659248654185, best: 0.844218210731383
Epoch: 363, train correlation: 0.9448727184247294, best: 0.844218210731383
Epoch: 363, test correlation: 0.7866404158129002, best: 0.844218210731383
Epoch: 364, train correlation: 0.9389406421578652, best: 0.844218210731383
Epoch: 364, test correlation: 0.7842393401282263, best: 0.844218210731383
Epoch: 365, train correlation: 0.9442764356289074, best: 0.844218210731383
Epoch: 365, test correlation: 0.7935074922710678, best: 0.844218210731383
Epoch: 366, train correlation: 0.9470395876035094, best: 0.844218210731383
Epoch: 366, test correlation: 0.7974932779076267, best: 0.844218210731383
Epoch: 367, train correlation: 0.9419558079933431, best: 0.844218210731383
Epoch: 367, test correlation: 0.7681041115272167, best: 0.844218210731383
Epoch: 368, train correlation: 0.9376423207496035, best: 0.844218210731383
Epoch: 368, test correlation: 0.7789089521082498, best: 0.844218210731383
Epoch: 369, train correlation: 0.9484346643333574, best: 0.844218210731383
Epoch: 369, test correlation: 0.795236266764033, best: 0.844218210731383
Epoch: 370, train correlation: 0.9416557914923006, best: 0.844218210731383
Epoch: 370, test correlation: 0.7894256636071219, best: 0.844218210731383
Epoch: 371, train correlation: 0.9427095994522126, best: 0.844218210731383
Epoch: 371, test correlation: 0.7750192094990779, best: 0.844218210731383
Epoch: 372, train correlation: 0.9396141792027058, best: 0.844218210731383
Epoch: 372, test correlation: 0.7636381107537231, best: 0.844218210731383
Epoch: 373, train correlation: 0.9362734954635968, best: 0.844218210731383
Epoch: 373, test correlation: 0.7789089521082498, best: 0.844218210731383
Epoch: 374, train correlation: 0.9442021815448993, best: 0.844218210731383
Epoch: 374, test correlation: 0.7777564357796064, best: 0.844218210731383
Epoch: 375, train correlation: 0.9441061762645656, best: 0.844218210731383
Epoch: 375, test correlation: 0.7970610842843853, best: 0.844218210731383
Epoch: 376, train correlation: 0.9386098739654658, best: 0.844218210731383
Epoch: 376, test correlation: 0.7943238580038571, best: 0.844218210731383
Epoch: 377, train correlation: 0.9426863481733817, best: 0.844218210731383
Epoch: 377, test correlation: 0.80623319339984, best: 0.844218210731383
Epoch: 378, train correlation: 0.9391326527185325, best: 0.844218210731383
Epoch: 378, test correlation: 0.7640703043769643, best: 0.844218210731383
Epoch: 379, train correlation: 0.9358144702170016, best: 0.844218210731383
Epoch: 379, test correlation: 0.7718497895953083, best: 0.844218210731383
Epoch: 380, train correlation: 0.9444249437969234, best: 0.844218210731383
Epoch: 380, test correlation: 0.787120630949835, best: 0.844218210731383
Epoch: 381, train correlation: 0.9397634374119744, best: 0.844218210731383
Epoch: 381, test correlation: 0.7931713416752134, best: 0.844218210731383
Epoch: 382, train correlation: 0.945462250849278, best: 0.844218210731383
Epoch: 382, test correlation: 0.7872646954909154, best: 0.844218210731383
Epoch: 383, train correlation: 0.9452199875246864, best: 0.844218210731383
Epoch: 383, test correlation: 0.7947080301134047, best: 0.844218210731383
Epoch: 384, train correlation: 0.9424665860863681, best: 0.844218210731383
Epoch: 384, test correlation: 0.7966769121748375, best: 0.844218210731383
Epoch: 385, train correlation: 0.9365217591182095, best: 0.844218210731383
Epoch: 385, test correlation: 0.7736265856019671, best: 0.844218210731383
Epoch: 386, train correlation: 0.9347861636596783, best: 0.844218210731383
Epoch: 386, test correlation: 0.7713695744583735, best: 0.844218210731383
Epoch: 387, train correlation: 0.9473553549708567, best: 0.844218210731383
Epoch: 387, test correlation: 0.7811659632518433, best: 0.844218210731383
Epoch: 388, train correlation: 0.9431063712748414, best: 0.844218210731383
Epoch: 388, test correlation: 0.7889934699838806, best: 0.844218210731383
Epoch: 389, train correlation: 0.9397484365869223, best: 0.844218210731383
Epoch: 389, test correlation: 0.769928929047569, best: 0.844218210731383
Epoch: 390, train correlation: 0.9344726464160886, best: 0.844218210731383
Epoch: 390, test correlation: 0.8116596244472033, best: 0.844218210731383
Epoch: 391, train correlation: 0.9365780122121551, best: 0.844218210731383
Epoch: 391, test correlation: 0.7912024596137808, best: 0.844218210731383
Epoch: 392, train correlation: 0.939405269979078, best: 0.844218210731383
Epoch: 392, test correlation: 0.7766999624783497, best: 0.844218210731383
Epoch: 393, train correlation: 0.9386976287920208, best: 0.844218210731383
Epoch: 393, test correlation: 0.7702650796434234, best: 0.844218210731383
Epoch: 394, train correlation: 0.9357334657617201, best: 0.844218210731383
Epoch: 394, test correlation: 0.7816461783887781, best: 0.844218210731383
Epoch: 395, train correlation: 0.941514033695558, best: 0.844218210731383
Epoch: 395, test correlation: 0.7883691903058655, best: 0.844218210731383
Epoch: 396, train correlation: 0.9336573515745055, best: 0.844218210731383
Epoch: 396, test correlation: 0.7862562437033522, best: 0.844218210731383
Epoch: 397, train correlation: 0.9474933625613364, best: 0.844218210731383
Epoch: 397, test correlation: 0.7714656174857604, best: 0.844218210731383
Epoch: 398, train correlation: 0.9429421122405205, best: 0.844218210731383
Epoch: 398, test correlation: 0.7945159440586309, best: 0.844218210731383
Epoch: 399, train correlation: 0.938794384113607, best: 0.844218210731383
Epoch: 399, test correlation: 0.782030350498326, best: 0.844218210731383
Epoch: 400, train correlation: 0.9395676766450443, best: 0.844218210731383
Epoch: 400, test correlation: 0.7976853639624006, best: 0.844218210731383
Epoch: 401, train correlation: 0.9404332242505521, best: 0.844218210731383
Epoch: 401, test correlation: 0.768536305150458, best: 0.844218210731383
Epoch: 402, train correlation: 0.945742766277753, best: 0.844218210731383
Epoch: 402, test correlation: 0.7738186716567409, best: 0.844218210731383
Epoch: 403, train correlation: 0.9405659815522633, best: 0.844218210731383
Epoch: 403, test correlation: 0.789329620579735, best: 0.844218210731383
Epoch: 404, train correlation: 0.9472113470503563, best: 0.844218210731383
Epoch: 404, test correlation: 0.7826066086626478, best: 0.844218210731383
Epoch: 405, train correlation: 0.9414532803540968, best: 0.844218210731383
Epoch: 405, test correlation: 0.7937475998395352, best: 0.844218210731383
Epoch: 406, train correlation: 0.9393801663318926, best: 0.844218210731383
Epoch: 406, test correlation: 0.7508163665975639, best: 0.844218210731383
Epoch: 407, train correlation: 0.9433403841456547, best: 0.844218210731383
Epoch: 407, test correlation: 0.7899539002577503, best: 0.844218210731383
Epoch: 408, train correlation: 0.945693263555081, best: 0.844218210731383
Epoch: 408, test correlation: 0.7906262014494592, best: 0.844218210731383
Epoch: 409, train correlation: 0.9409672536224077, best: 0.844218210731383
Epoch: 409, test correlation: 0.771129466889906, best: 0.844218210731383
Epoch: 410, train correlation: 0.9406559865025761, best: 0.844218210731383
Epoch: 410, test correlation: 0.7647426055686732, best: 0.844218210731383
Epoch: 411, train correlation: 0.9331248222851549, best: 0.844218210731383
Epoch: 411, test correlation: 0.7498079148100008, best: 0.844218210731383
Epoch: 412, train correlation: 0.9409942551075017, best: 0.844218210731383
Epoch: 412, test correlation: 0.7936995783258418, best: 0.844218210731383
Epoch: 413, train correlation: 0.9419175558894601, best: 0.844218210731383
Epoch: 413, test correlation: 0.7875528245730762, best: 0.844218210731383
Epoch: 414, train correlation: 0.937409057920043, best: 0.844218210731383
Epoch: 414, test correlation: 0.7659431434110102, best: 0.844218210731383
Epoch: 415, train correlation: 0.943360635259475, best: 0.844218210731383
Epoch: 415, test correlation: 0.7935555137847614, best: 0.844218210731383
Epoch: 416, train correlation: 0.9461702897917387, best: 0.844218210731383
Epoch: 416, test correlation: 0.8034959671193116, best: 0.844218210731383
Epoch: 417, train correlation: 0.9357544669167932, best: 0.844218210731383
Epoch: 417, test correlation: 0.7832789098543564, best: 0.844218210731383
Epoch: 418, train correlation: 0.9431311226361774, best: 0.844218210731383
Epoch: 418, test correlation: 0.8001824826744617, best: 0.844218210731383
Epoch: 419, train correlation: 0.9497854886293017, best: 0.844218210731383
Epoch: 419, test correlation: 0.8061371503724531, best: 0.844218210731383
Epoch: 420, train correlation: 0.9386811278844635, best: 0.844218210731383
Epoch: 420, test correlation: 0.7838071465049848, best: 0.844218210731383
Epoch: 421, train correlation: 0.9399254463225375, best: 0.844218210731383
Epoch: 421, test correlation: 0.7985497512088832, best: 0.844218210731383
Epoch: 422, train correlation: 0.9444901973859002, best: 0.844218210731383
Epoch: 422, test correlation: 0.7711774884035993, best: 0.844218210731383
Epoch: 423, train correlation: 0.9284183134250498, best: 0.844218210731383
Epoch: 423, test correlation: 0.7898578572303633, best: 0.844218210731383
Epoch: 424, train correlation: 0.9334570905600597, best: 0.844218210731383
Epoch: 424, test correlation: 0.7714175959720668, best: 0.844218210731383
Epoch: 425, train correlation: 0.9346556564817247, best: 0.844218210731383
Epoch: 425, test correlation: 0.7846715337514675, best: 0.844218210731383
Epoch: 426, train correlation: 0.9453257433413037, best: 0.844218210731383
Epoch: 426, test correlation: 0.7906262014494592, best: 0.844218210731383
Epoch: 427, train correlation: 0.9471138416875176, best: 0.844218210731383
Epoch: 427, test correlation: 0.7935074922710678, best: 0.844218210731383
Epoch: 428, train correlation: 0.9400424527579441, best: 0.844218210731383
Epoch: 428, test correlation: 0.7750672310127714, best: 0.844218210731383
Epoch: 429, train correlation: 0.9389503926941491, best: 0.844218210731383
Epoch: 429, test correlation: 0.7815501353613912, best: 0.844218210731383
Epoch: 430, train correlation: 0.9456617618224714, best: 0.844218210731383
Epoch: 430, test correlation: 0.7851517488884022, best: 0.844218210731383
Epoch: 431, train correlation: 0.9428978598066168, best: 0.844218210731383
Epoch: 431, test correlation: 0.7690645418010864, best: 0.844218210731383
Epoch: 432, train correlation: 0.9409170008584833, best: 0.844218210731383
Epoch: 432, test correlation: 0.7810218987107629, best: 0.844218210731383
Epoch: 433, train correlation: 0.9406552364613235, best: 0.844218210731383
Epoch: 433, test correlation: 0.7874087600319959, best: 0.844218210731383
Epoch: 434, train correlation: 0.9390688992120609, best: 0.844218210731383
Epoch: 434, test correlation: 0.7651747991919144, best: 0.844218210731383
Epoch: 435, train correlation: 0.9418065497840744, best: 0.844218210731383
Epoch: 435, test correlation: 0.7754033816086258, best: 0.844218210731383
Epoch: 436, train correlation: 0.9380420927372427, best: 0.844218210731383
Epoch: 436, test correlation: 0.7872646954909154, best: 0.844218210731383
Epoch: 437, train correlation: 0.94239233200236, best: 0.844218210731383
Epoch: 437, test correlation: 0.766135229465784, best: 0.844218210731383
Epoch: 438, train correlation: 0.9313862266616134, best: 0.844218210731383
Epoch: 438, test correlation: 0.796340761578983, best: 0.844218210731383
Epoch: 439, train correlation: 0.9409252513122618, best: 0.844218210731383
Epoch: 439, test correlation: 0.7728582413828713, best: 0.844218210731383
Epoch: 440, train correlation: 0.9448472170221409, best: 0.844218210731383
Epoch: 440, test correlation: 0.7832789098543564, best: 0.844218210731383
Epoch: 441, train correlation: 0.943983919540391, best: 0.844218210731383
Epoch: 441, test correlation: 0.7822704580667933, best: 0.844218210731383
Epoch: 442, train correlation: 0.9482374034839219, best: 0.844218210731383
Epoch: 442, test correlation: 0.7946600085997113, best: 0.844218210731383
Epoch: 443, train correlation: 0.9400447028817019, best: 0.844218210731383
Epoch: 443, test correlation: 0.799510181482753, best: 0.844218210731383
Epoch: 444, train correlation: 0.9361572390694427, best: 0.844218210731383
Epoch: 444, test correlation: 0.7943718795175504, best: 0.844218210731383
Epoch: 445, train correlation: 0.9405637314285056, best: 0.844218210731383
Epoch: 445, test correlation: 0.8042643113384074, best: 0.844218210731383
Epoch: 446, train correlation: 0.941479531797938, best: 0.844218210731383
Epoch: 446, test correlation: 0.7706492517529713, best: 0.844218210731383
Epoch: 447, train correlation: 0.9433966372396001, best: 0.844218210731383
Epoch: 447, test correlation: 0.7840472540734521, best: 0.844218210731383
Epoch: 448, train correlation: 0.9376258198420463, best: 0.844218210731383
Epoch: 448, test correlation: 0.7874087600319959, best: 0.844218210731383
Epoch: 449, train correlation: 0.9365435103145352, best: 0.844218210731383
Epoch: 449, test correlation: 0.76262965896616, best: 0.844218210731383
Epoch: 450, train correlation: 0.9395159237986144, best: 0.844218210731383
Epoch: 450, test correlation: 0.7475028821527138, best: 0.844218210731383
Epoch: 451, train correlation: 0.9463472995273537, best: 0.844218210731383
Epoch: 451, test correlation: 0.8058970428039856, best: 0.844218210731383
Epoch: 452, train correlation: 0.9353854466205107, best: 0.844218210731383
Epoch: 452, test correlation: 0.7864483297581261, best: 0.844218210731383
Epoch: 453, train correlation: 0.9412995218973125, best: 0.844218210731383
Epoch: 453, test correlation: 0.7913945456685546, best: 0.844218210731383
Epoch: 454, train correlation: 0.9377623273500206, best: 0.844218210731383
Epoch: 454, test correlation: 0.7891375345249612, best: 0.844218210731383
Epoch: 455, train correlation: 0.9411840155444111, best: 0.844218210731383
Epoch: 455, test correlation: 0.7796772963273455, best: 0.844218210731383
Epoch: 456, train correlation: 0.9360664840778774, best: 0.844218210731383
Epoch: 456, test correlation: 0.7823665010941804, best: 0.844218210731383
Epoch: 457, train correlation: 0.9414427797765603, best: 0.844218210731383
Epoch: 457, test correlation: 0.7900019217714437, best: 0.844218210731383
Epoch: 458, train correlation: 0.9327948041340082, best: 0.844218210731383
Epoch: 458, test correlation: 0.7921628898876503, best: 0.844218210731383
Epoch: 459, train correlation: 0.9363079973612166, best: 0.844218210731383
Epoch: 459, test correlation: 0.764214368918045, best: 0.844218210731383
Epoch: 460, train correlation: 0.941656541533553, best: 0.844218210731383
Epoch: 460, test correlation: 0.7810699202244563, best: 0.844218210731383
Epoch: 461, train correlation: 0.9281287975015436, best: 0.844218210731383
Epoch: 461, test correlation: 0.7864963512718197, best: 0.844218210731383
Epoch: 462, train correlation: 0.9433336337743811, best: 0.844218210731383
Epoch: 462, test correlation: 0.7906742229631525, best: 0.844218210731383
Epoch: 463, train correlation: 0.9430741195009792, best: 0.844218210731383
Epoch: 463, test correlation: 0.7739627361978213, best: 0.844218210731383
Epoch: 464, train correlation: 0.9438631628987212, best: 0.844218210731383
Epoch: 464, test correlation: 0.7757875537181735, best: 0.844218210731383
Epoch: 465, train correlation: 0.939766437576985, best: 0.844218210731383
Epoch: 465, test correlation: 0.7505762590290964, best: 0.844218210731383
Epoch: 466, train correlation: 0.9375388150567437, best: 0.844218210731383
Epoch: 466, test correlation: 0.7874567815456892, best: 0.844218210731383
Epoch: 467, train correlation: 0.933734605823524, best: 0.844218210731383
Epoch: 467, test correlation: 0.7645505195138992, best: 0.844218210731383
Epoch: 468, train correlation: 0.939530174582414, best: 0.844218210731383
Epoch: 468, test correlation: 0.7728102198691779, best: 0.844218210731383
Epoch: 469, train correlation: 0.943335883898139, best: 0.844218210731383
Epoch: 469, test correlation: 0.7560507115901532, best: 0.844218210731383
Epoch: 470, train correlation: 0.9395324247061717, best: 0.844218210731383
Epoch: 470, test correlation: 0.7656069928151558, best: 0.844218210731383
Epoch: 471, train correlation: 0.9434603907460716, best: 0.844218210731383
Epoch: 471, test correlation: 0.8074817527558705, best: 0.844218210731383
Epoch: 472, train correlation: 0.9324572855703352, best: 0.844218210731383
Epoch: 472, test correlation: 0.7924029974561178, best: 0.844218210731383
Epoch: 473, train correlation: 0.9408479970632434, best: 0.844218210731383
Epoch: 473, test correlation: 0.7600845187404055, best: 0.844218210731383
Epoch: 474, train correlation: 0.9356224596563344, best: 0.844218210731383
Epoch: 474, test correlation: 0.763830196808497, best: 0.844218210731383
Epoch: 475, train correlation: 0.9367205200501502, best: 0.844218210731383
Epoch: 475, test correlation: 0.7815021138476977, best: 0.844218210731383
Epoch: 476, train correlation: 0.9387898838660914, best: 0.844218210731383
Epoch: 476, test correlation: 0.7875048030593828, best: 0.844218210731383
Epoch: 477, train correlation: 0.941874053496809, best: 0.844218210731383
Epoch: 477, test correlation: 0.7758835967455605, best: 0.844218210731383
Epoch: 478, train correlation: 0.9382333532566574, best: 0.844218210731383
Epoch: 478, test correlation: 0.7739627361978213, best: 0.844218210731383
Epoch: 479, train correlation: 0.9406649869976074, best: 0.844218210731383
Epoch: 479, test correlation: 0.7888013839291067, best: 0.844218210731383
Epoch: 480, train correlation: 0.939158154121121, best: 0.844218210731383
Epoch: 480, test correlation: 0.7689684987736995, best: 0.844218210731383
Epoch: 481, train correlation: 0.9379130856417944, best: 0.844218210731383
Epoch: 481, test correlation: 0.7811179417381499, best: 0.844218210731383
Epoch: 482, train correlation: 0.9402877162475465, best: 0.844218210731383
Epoch: 482, test correlation: 0.7922109114013438, best: 0.844218210731383
Epoch: 483, train correlation: 0.9427958541962622, best: 0.844218210731383
Epoch: 483, test correlation: 0.791730696264409, best: 0.844218210731383
Epoch: 484, train correlation: 0.939312662619158, best: 0.844218210731383
Epoch: 484, test correlation: 0.7776603927522192, best: 0.844218210731383
Epoch: 485, train correlation: 0.9342258828439811, best: 0.844218210731383
Epoch: 485, test correlation: 0.7806857481149087, best: 0.844218210731383
Epoch: 486, train correlation: 0.9314874822307151, best: 0.844218210731383
Epoch: 486, test correlation: 0.7843353831556131, best: 0.844218210731383
Epoch: 487, train correlation: 0.9341261273573845, best: 0.844218210731383
Epoch: 487, test correlation: 0.7876488676004633, best: 0.844218210731383
Epoch: 488, train correlation: 0.9406072338211567, best: 0.844218210731383
Epoch: 488, test correlation: 0.7851997704020958, best: 0.844218210731383
Epoch: 489, train correlation: 0.9338778637027718, best: 0.844218210731383
Epoch: 489, test correlation: 0.7820783720120195, best: 0.844218210731383
Epoch: 490, train correlation: 0.9297728879272569, best: 0.844218210731383
Epoch: 490, test correlation: 0.7858720715938045, best: 0.844218210731383
Epoch: 491, train correlation: 0.9433081323717925, best: 0.844218210731383
Epoch: 491, test correlation: 0.779725317841039, best: 0.844218210731383
Epoch: 492, train correlation: 0.9362314931534509, best: 0.844218210731383
Epoch: 492, test correlation: 0.7651747991919144, best: 0.844218210731383
Epoch: 493, train correlation: 0.9406199845224511, best: 0.844218210731383
Epoch: 493, test correlation: 0.7806857481149087, best: 0.844218210731383
Epoch: 494, train correlation: 0.9323462794649496, best: 0.844218210731383
Epoch: 494, test correlation: 0.7993180954279788, best: 0.844218210731383
Epoch: 495, train correlation: 0.9406034836148938, best: 0.844218210731383
Epoch: 495, test correlation: 0.7914905886959417, best: 0.844218210731383
Epoch: 496, train correlation: 0.9427613522986423, best: 0.844218210731383
Epoch: 496, test correlation: 0.7926431050245851, best: 0.844218210731383
Epoch: 497, train correlation: 0.9411517637705491, best: 0.844218210731383
Epoch: 497, test correlation: 0.7851517488884022, best: 0.844218210731383
Epoch: 498, train correlation: 0.9362652450098182, best: 0.844218210731383
Epoch: 498, test correlation: 0.7893776420934285, best: 0.844218210731383
Epoch: 499, train correlation: 0.9460772846764155, best: 0.844218210731383
Epoch: 499, test correlation: 0.7849596628336284, best: 0.844218210731383
Epoch: 500, train correlation: 0.9420368124486246, best: 0.844218210731383
Epoch: 500, test correlation: 0.7741068007389018, best: 0.844218210731383
Epoch: 501, train correlation: 0.9434026375696208, best: 0.844218210731383
Epoch: 501, test correlation: 0.7730503274376452, best: 0.844218210731383
Epoch: 502, train correlation: 0.9259469274977115, best: 0.844218210731383
Epoch: 502, test correlation: 0.7731463704650323, best: 0.844218210731383
Epoch: 503, train correlation: 0.9349234212089053, best: 0.844218210731383
Epoch: 503, test correlation: 0.8014310420304921, best: 0.844218210731383
Epoch: 504, train correlation: 0.9439014150026042, best: 0.844218210731383
Epoch: 504, test correlation: 0.7856799855390305, best: 0.844218210731383
Epoch: 505, train correlation: 0.9390959006971548, best: 0.844218210731383
Epoch: 505, test correlation: 0.789233577552348, best: 0.844218210731383
Epoch: 506, train correlation: 0.9433201330318343, best: 0.844218210731383
Epoch: 506, test correlation: 0.7695447569380212, best: 0.844218210731383
Epoch: 507, train correlation: 0.9463202980422599, best: 0.844218210731383
Epoch: 507, test correlation: 0.7958125249283547, best: 0.844218210731383
Epoch: 508, train correlation: 0.9326642969560546, best: 0.844218210731383
Epoch: 508, test correlation: 0.7750192094990779, best: 0.844218210731383
Epoch: 509, train correlation: 0.9373175528872248, best: 0.844218210731383
Epoch: 509, test correlation: 0.806425279454614, best: 0.844218210731383
Epoch: 510, train correlation: 0.9439321666939611, best: 0.844218210731383
Epoch: 510, test correlation: 0.768920477260006, best: 0.844218210731383
Epoch: 511, train correlation: 0.9384538653849237, best: 0.844218210731383
Epoch: 511, test correlation: 0.7755954676633997, best: 0.844218210731383
Epoch: 512, train correlation: 0.938495117653817, best: 0.844218210731383
Epoch: 512, test correlation: 0.7769880915605106, best: 0.844218210731383
Epoch: 513, train correlation: 0.9368405266505674, best: 0.844218210731383
Epoch: 513, test correlation: 0.7985497512088832, best: 0.844218210731383
Epoch: 514, train correlation: 0.9437221551432312, best: 0.844218210731383
Epoch: 514, test correlation: 0.7849116413199348, best: 0.844218210731383
Epoch: 515, train correlation: 0.9449544729212636, best: 0.844218210731383
Epoch: 515, test correlation: 0.79201882534657, best: 0.844218210731383
Epoch: 516, train correlation: 0.9435788972639835, best: 0.844218210731383
Epoch: 516, test correlation: 0.7762677688551084, best: 0.844218210731383
Epoch: 517, train correlation: 0.9424283339824852, best: 0.844218210731383
Epoch: 517, test correlation: 0.767335767308121, best: 0.844218210731383
Epoch: 518, train correlation: 0.9359899798701116, best: 0.844218210731383
Epoch: 518, test correlation: 0.7943718795175504, best: 0.844218210731383
Epoch: 519, train correlation: 0.9398811938886338, best: 0.844218210731383
Epoch: 519, test correlation: 0.7927391480519721, best: 0.844218210731383
Epoch: 520, train correlation: 0.9386533763581171, best: 0.844218210731383
Epoch: 520, test correlation: 0.7812139847655369, best: 0.844218210731383
Epoch: 521, train correlation: 0.9391056512334387, best: 0.844218210731383
Epoch: 521, test correlation: 0.7880810612237046, best: 0.844218210731383
Epoch: 522, train correlation: 0.9423668305997713, best: 0.844218210731383
Epoch: 522, test correlation: 0.797925471530868, best: 0.844218210731383
Epoch: 523, train correlation: 0.9367370209577075, best: 0.844218210731383
Epoch: 523, test correlation: 0.7997502890512201, best: 0.844218210731383
Epoch: 524, train correlation: 0.94366140180177, best: 0.844218210731383
Epoch: 524, test correlation: 0.7949001161681788, best: 0.844218210731383
Epoch: 525, train correlation: 0.9419498076633224, best: 0.844218210731383
Epoch: 525, test correlation: 0.8049846340438096, best: 0.844218210731383
Epoch: 526, train correlation: 0.938988644798032, best: 0.844218210731383
Epoch: 526, test correlation: 0.7897618142029763, best: 0.844218210731383
Epoch: 527, train correlation: 0.9378973347754896, best: 0.844218210731383
Epoch: 527, test correlation: 0.7763638118824953, best: 0.844218210731383
Epoch: 528, train correlation: 0.9431596242037764, best: 0.844218210731383
Epoch: 528, test correlation: 0.768728391205232, best: 0.844218210731383
Epoch: 529, train correlation: 0.9342881362679476, best: 0.844218210731383
Epoch: 529, test correlation: 0.7937475998395352, best: 0.844218210731383
Epoch: 530, train correlation: 0.9348146652272774, best: 0.844218210731383
Epoch: 530, test correlation: 0.7989339233184312, best: 0.844218210731383
Epoch: 531, train correlation: 0.9419018050231553, best: 0.844218210731383
Epoch: 531, test correlation: 0.7695927784517147, best: 0.844218210731383
Epoch: 532, train correlation: 0.9425288395103343, best: 0.844218210731383
Epoch: 532, test correlation: 0.7902420293399112, best: 0.844218210731383
Epoch: 533, train correlation: 0.9411180119141818, best: 0.844218210731383
Epoch: 533, test correlation: 0.7877929321415437, best: 0.844218210731383
Epoch: 534, train correlation: 0.9504417747253322, best: 0.844218210731383
Epoch: 534, test correlation: 0.7844794476966934, best: 0.844218210731383
Epoch: 535, train correlation: 0.9451194819968369, best: 0.844218210731383
Epoch: 535, test correlation: 0.7589320024117621, best: 0.844218210731383
Epoch: 536, train correlation: 0.9469330817456393, best: 0.844218210731383
Epoch: 536, test correlation: 0.7966288906611441, best: 0.844218210731383
Epoch: 537, train correlation: 0.9363289985162897, best: 0.844218210731383
Epoch: 537, test correlation: 0.7847195552651608, best: 0.844218210731383
Epoch: 538, train correlation: 0.9411165118316764, best: 0.844218210731383
Epoch: 538, test correlation: 0.7573953139735706, best: 0.844218210731383
Epoch: 539, train correlation: 0.9409335017660405, best: 0.844218210731383
Epoch: 539, test correlation: 0.7861602006759654, best: 0.844218210731383
Epoch: 540, train correlation: 0.942205571730461, best: 0.844218210731383
Epoch: 540, test correlation: 0.8022954292769746, best: 0.844218210731383
Epoch: 541, train correlation: 0.93952042404613, best: 0.844218210731383
Epoch: 541, test correlation: 0.7748751449579976, best: 0.844218210731383
Epoch: 542, train correlation: 0.938586622686635, best: 0.844218210731383
Epoch: 542, test correlation: 0.7957164819009679, best: 0.844218210731383
Epoch: 543, train correlation: 0.9396246797802422, best: 0.844218210731383
Epoch: 543, test correlation: 0.766327315520558, best: 0.844218210731383
Epoch: 544, train correlation: 0.9333265833821062, best: 0.844218210731383
Epoch: 544, test correlation: 0.7709854023488255, best: 0.844218210731383
Epoch: 545, train correlation: 0.9436831529980958, best: 0.844218210731383
Epoch: 545, test correlation: 0.7832789098543564, best: 0.844218210731383
Epoch: 546, train correlation: 0.9435353948713323, best: 0.844218210731383
Epoch: 546, test correlation: 0.7706012302392777, best: 0.844218210731383
Epoch: 547, train correlation: 0.9393149127429159, best: 0.844218210731383
Epoch: 547, test correlation: 0.7849596628336284, best: 0.844218210731383
Epoch: 548, train correlation: 0.9422873262269952, best: 0.844218210731383
Epoch: 548, test correlation: 0.7690165202873929, best: 0.844218210731383
Epoch: 549, train correlation: 0.9386293750380336, best: 0.844218210731383
Epoch: 549, test correlation: 0.7824145226078739, best: 0.844218210731383
Epoch: 550, train correlation: 0.9409845045712177, best: 0.844218210731383
Epoch: 550, test correlation: 0.788129082737398, best: 0.844218210731383
Epoch: 551, train correlation: 0.9380083408808754, best: 0.844218210731383
Epoch: 551, test correlation: 0.7777564357796064, best: 0.844218210731383
Epoch: 552, train correlation: 0.9298673931250852, best: 0.844218210731383
Epoch: 552, test correlation: 0.7646945840549796, best: 0.844218210731383
Epoch: 553, train correlation: 0.9402854661237885, best: 0.844218210731383
Epoch: 553, test correlation: 0.7942278149764701, best: 0.844218210731383
Epoch: 554, train correlation: 0.9414885322929694, best: 0.844218210731383
Epoch: 554, test correlation: 0.7740107577115148, best: 0.844218210731383
Epoch: 555, train correlation: 0.9422805758557217, best: 0.844218210731383
Epoch: 555, test correlation: 0.7846715337514675, best: 0.844218210731383
Epoch: 556, train correlation: 0.9409545029211135, best: 0.844218210731383
Epoch: 556, test correlation: 0.7802055329779738, best: 0.844218210731383
Epoch: 557, train correlation: 0.9386893783382421, best: 0.844218210731383
Epoch: 557, test correlation: 0.7790049951356368, best: 0.844218210731383
Epoch: 558, train correlation: 0.9438451619086586, best: 0.844218210731383
Epoch: 558, test correlation: 0.7962447185515962, best: 0.844218210731383
Epoch: 559, train correlation: 0.9455710068309061, best: 0.844218210731383
Epoch: 559, test correlation: 0.7942278149764701, best: 0.844218210731383
Epoch: 560, train correlation: 0.9378613327953647, best: 0.844218210731383
Epoch: 560, test correlation: 0.7950441807092592, best: 0.844218210731383
Epoch: 561, train correlation: 0.940372470909091, best: 0.844218210731383
Epoch: 561, test correlation: 0.7739147146841278, best: 0.844218210731383
Epoch: 562, train correlation: 0.9391566540386159, best: 0.844218210731383
Epoch: 562, test correlation: 0.7798693823821193, best: 0.844218210731383
Epoch: 563, train correlation: 0.9377248252873903, best: 0.844218210731383
Epoch: 563, test correlation: 0.7898098357166699, best: 0.844218210731383
Epoch: 564, train correlation: 0.9382693552367826, best: 0.844218210731383
Epoch: 564, test correlation: 0.7562908191586206, best: 0.844218210731383
Epoch: 565, train correlation: 0.9467673226288134, best: 0.844218210731383
Epoch: 565, test correlation: 0.8021033432222008, best: 0.844218210731383
Epoch: 566, train correlation: 0.9444609457770486, best: 0.844218210731383
Epoch: 566, test correlation: 0.7910103735590068, best: 0.844218210731383
Epoch: 567, train correlation: 0.9332125771117099, best: 0.844218210731383
Epoch: 567, test correlation: 0.8220802929186886, best: 0.844218210731383
Epoch: 568, train correlation: 0.9400619538305118, best: 0.844218210731383
Epoch: 568, test correlation: 0.7922589329150374, best: 0.844218210731383
Epoch: 569, train correlation: 0.9460997859139937, best: 0.844218210731383
Epoch: 569, test correlation: 0.7775643497248322, best: 0.844218210731383
Epoch: 570, train correlation: 0.9346609067704931, best: 0.844218210731383
Epoch: 570, test correlation: 0.7555704964532184, best: 0.844218210731383
Epoch: 571, train correlation: 0.942138818058979, best: 0.844218210731383
Epoch: 571, test correlation: 0.7745389943621431, best: 0.844218210731383
Epoch: 572, train correlation: 0.9515780872230309, best: 0.844218210731383
Epoch: 572, test correlation: 0.7627737235072405, best: 0.844218210731383
Epoch: 573, train correlation: 0.9347194099881961, best: 0.844218210731383
Epoch: 573, test correlation: 0.7910103735590068, best: 0.844218210731383
Epoch: 574, train correlation: 0.9353456944341226, best: 0.844218210731383
Epoch: 574, test correlation: 0.7743949298210626, best: 0.844218210731383
Epoch: 575, train correlation: 0.9413227731761433, best: 0.844218210731383
Epoch: 575, test correlation: 0.7982136006130288, best: 0.844218210731383
Epoch: 576, train correlation: 0.9349511727352517, best: 0.844218210731383
Epoch: 576, test correlation: 0.7873607385183023, best: 0.844218210731383
Epoch: 577, train correlation: 0.9418860541568507, best: 0.844218210731383
Epoch: 577, test correlation: 0.7609489059868881, best: 0.844218210731383
Epoch: 578, train correlation: 0.9450924805117433, best: 0.844218210731383
Epoch: 578, test correlation: 0.7893776420934285, best: 0.844218210731383
Epoch: 579, train correlation: 0.9373010519796676, best: 0.844218210731383
Epoch: 579, test correlation: 0.7815501353613912, best: 0.844218210731383
Epoch: 580, train correlation: 0.9437326557207678, best: 0.844218210731383
Epoch: 580, test correlation: 0.7739147146841278, best: 0.844218210731383
Epoch: 581, train correlation: 0.940534479819654, best: 0.844218210731383
Epoch: 581, test correlation: 0.7766519409646563, best: 0.844218210731383
Epoch: 582, train correlation: 0.9401782102246659, best: 0.844218210731383
Epoch: 582, test correlation: 0.7997022675375268, best: 0.844218210731383
Epoch: 583, train correlation: 0.9384666160862181, best: 0.844218210731383
Epoch: 583, test correlation: 0.7864483297581261, best: 0.844218210731383
Epoch: 584, train correlation: 0.9425033381077459, best: 0.844218210731383
Epoch: 584, test correlation: 0.80071071932509, best: 0.844218210731383
Epoch: 585, train correlation: 0.9387891338248388, best: 0.844218210731383
Epoch: 585, test correlation: 0.8044563973931813, best: 0.844218210731383
Epoch: 586, train correlation: 0.943815910299807, best: 0.844218210731383
Epoch: 586, test correlation: 0.7868325018676741, best: 0.844218210731383
Epoch: 587, train correlation: 0.9436186494503715, best: 0.844218210731383
Epoch: 587, test correlation: 0.765222820705608, best: 0.844218210731383
Epoch: 588, train correlation: 0.935809969969486, best: 0.844218210731383
Epoch: 588, test correlation: 0.7966769121748375, best: 0.844218210731383
Epoch: 589, train correlation: 0.9425408401703761, best: 0.844218210731383
Epoch: 589, test correlation: 0.8136765280223296, best: 0.844218210731383
Epoch: 590, train correlation: 0.9449417222199693, best: 0.844218210731383
Epoch: 590, test correlation: 0.7852958134294826, best: 0.844218210731383
Epoch: 591, train correlation: 0.941028006963869, best: 0.844218210731383
Epoch: 591, test correlation: 0.7896657711755893, best: 0.844218210731383
Epoch: 592, train correlation: 0.9442884362889491, best: 0.844218210731383
Epoch: 592, test correlation: 0.7980695360719484, best: 0.844218210731383
Epoch: 593, train correlation: 0.9470605887585825, best: 0.844218210731383
Epoch: 593, test correlation: 0.7846715337514675, best: 0.844218210731383
Epoch: 594, train correlation: 0.9467560720100243, best: 0.844218210731383
Epoch: 594, test correlation: 0.7909143305316199, best: 0.844218210731383
Epoch: 595, train correlation: 0.9403574700840387, best: 0.844218210731383
Epoch: 595, test correlation: 0.7713695744583735, best: 0.844218210731383
Epoch: 596, train correlation: 0.9404564755293829, best: 0.844218210731383
Epoch: 596, test correlation: 0.7817422214161651, best: 0.844218210731383
Epoch: 597, train correlation: 0.940633485264998, best: 0.844218210731383
Epoch: 597, test correlation: 0.7989819448321246, best: 0.844218210731383
Epoch: 598, train correlation: 0.9437784082371766, best: 0.844218210731383
Epoch: 598, test correlation: 0.7906742229631525, best: 0.844218210731383
Epoch: 599, train correlation: 0.9499107455184869, best: 0.844218210731383
Epoch: 599, test correlation: 0.7715616605131473, best: 0.844218210731383
Epoch: 600, train correlation: 0.9384726164162388, best: 0.844218210731383
Epoch: 600, test correlation: 0.7965328476337572, best: 0.844218210731383
